#
# There is insufficient memory for the Java Runtime Environment to continue.
# Native memory allocation (mmap) failed to map 180879360 bytes for committing reserved memory.
# Possible reasons:
#   The system is out of physical RAM or swap space
#   In 32 bit mode, the process size limit was hit
# Possible solutions:
#   Reduce memory load on the system
#   Increase physical memory or swap space
#   Check if swap backing store is full
#   Use 64 bit Java on a 64 bit OS
#   Decrease Java heap size (-Xmx/-Xms)
#   Decrease number of Java threads
#   Decrease Java thread stack sizes (-Xss)
#   Set larger code cache with -XX:ReservedCodeCacheSize=
# This output file may be truncated or incomplete.
#
#  Out of Memory Error (os_linux.cpp:2640), pid=5873, tid=0x00007efd95614700
#
# JRE version: Java(TM) SE Runtime Environment (8.0_181-b13) (build 1.8.0_181-b13)
# Java VM: Java HotSpot(TM) 64-Bit Server VM (25.181-b13 mixed mode linux-amd64 compressed oops)
# Failed to write core dump. Core dumps have been disabled. To enable core dumping, try "ulimit -c unlimited" before starting Java again
#

---------------  T H R E A D  ---------------

Current thread (0x00007efdac1c8800):  VMThread [stack: 0x00007efd95515000,0x00007efd95615000] [id=5886]

Stack: [0x00007efd95515000,0x00007efd95615000],  sp=0x00007efd95613240,  free space=1016k
Native frames: (J=compiled Java code, j=interpreted, Vv=VM code, C=native code)
V  [libjvm.so+0xad21aa]  VMError::report_and_die()+0x2ba
V  [libjvm.so+0x5022db]  report_vm_out_of_memory(char const*, int, unsigned long, VMErrorType, char const*)+0x8b
V  [libjvm.so+0x92fe33]  os::Linux::commit_memory_impl(char*, unsigned long, bool)+0x123
V  [libjvm.so+0x930059]  os::pd_commit_memory(char*, unsigned long, unsigned long, bool)+0x29
V  [libjvm.so+0x9272ba]  os::commit_memory(char*, unsigned long, unsigned long, bool)+0x2a
V  [libjvm.so+0x99d2e3]  PSVirtualSpace::expand_by(unsigned long)+0x53
V  [libjvm.so+0x99e6e8]  PSYoungGen::resize_generation(unsigned long, unsigned long)+0xf8
V  [libjvm.so+0x99d842]  PSYoungGen::resize(unsigned long, unsigned long)+0x22
V  [libjvm.so+0x99ab1b]  PSScavenge::invoke_no_policy()+0xf3b
V  [libjvm.so+0x99b2a1]  PSScavenge::invoke()+0x41
V  [libjvm.so+0x951d70]  ParallelScavengeHeap::failed_mem_allocate(unsigned long)+0x70
V  [libjvm.so+0xad3c27]  VM_ParallelGCFailedAllocation::doit()+0x97
V  [libjvm.so+0xadb745]  VM_Operation::evaluate()+0x55
V  [libjvm.so+0xad9b0a]  VMThread::evaluate_operation(VM_Operation*)+0xba
V  [libjvm.so+0xad9e8e]  VMThread::loop()+0x1ce
V  [libjvm.so+0xada300]  VMThread::run()+0x70
V  [libjvm.so+0x930198]  java_start(Thread*)+0x108

VM_Operation (0x00007efdb3ddced0): ParallelGCFailedAllocation, mode: safepoint, requested by thread 0x00007efdac00b000


---------------  P R O C E S S  ---------------

Java Threads: ( => current thread )
  0x00007efdad2d3000 JavaThread "Druid-ConnectionPool-Destroy-918475642" daemon [_thread_blocked, id=5927, stack(0x00007efd321d9000,0x00007efd322da000)]
  0x00007efdad2d4000 JavaThread "Druid-ConnectionPool-Create-918475642" daemon [_thread_blocked, id=5926, stack(0x00007efd322da000,0x00007efd323db000)]
  0x00007efdad7de000 JavaThread "Abandoned connection cleanup thread" daemon [_thread_blocked, id=5912, stack(0x00007efd40362000,0x00007efd40463000)]
  0x00007efd3c069800 JavaThread "process reaper" daemon [_thread_blocked, id=5900, stack(0x00007efd43cda000,0x00007efd43d13000)]
  0x00007efdac2cd000 JavaThread "surefire-forkedjvm-ping-30s" daemon [_thread_blocked, id=5897, stack(0x00007efd43eff000,0x00007efd44000000)]
  0x00007efdac2bf000 JavaThread "surefire-forkedjvm-command-thread" daemon [_thread_in_native, id=5896, stack(0x00007efd940c7000,0x00007efd941c8000)]
  0x00007efdac21b000 JavaThread "Service Thread" daemon [_thread_blocked, id=5894, stack(0x00007efd942c9000,0x00007efd943ca000)]
  0x00007efdac20f800 JavaThread "C1 CompilerThread3" daemon [_thread_blocked, id=5893, stack(0x00007efd943cb000,0x00007efd944cb000)]
  0x00007efdac20d800 JavaThread "C2 CompilerThread2" daemon [_thread_blocked, id=5892, stack(0x00007efd944cc000,0x00007efd945cc000)]
  0x00007efdac20c000 JavaThread "C2 CompilerThread1" daemon [_thread_blocked, id=5891, stack(0x00007efd945cd000,0x00007efd946cd000)]
  0x00007efdac209000 JavaThread "C2 CompilerThread0" daemon [_thread_blocked, id=5890, stack(0x00007efd946ce000,0x00007efd947ce000)]
  0x00007efdac207800 JavaThread "Signal Dispatcher" daemon [_thread_blocked, id=5889, stack(0x00007efd947ce000,0x00007efd948cf000)]
  0x00007efdac1d4800 JavaThread "Finalizer" daemon [_thread_blocked, id=5888, stack(0x00007efd95312000,0x00007efd95413000)]
  0x00007efdac1d2000 JavaThread "Reference Handler" daemon [_thread_blocked, id=5887, stack(0x00007efd95413000,0x00007efd95514000)]
  0x00007efdac00b000 JavaThread "main" [_thread_blocked, id=5877, stack(0x00007efdb3ce1000,0x00007efdb3de1000)]

Other Threads:
=>0x00007efdac1c8800 VMThread [stack: 0x00007efd95515000,0x00007efd95615000] [id=5886]
  0x00007efdac21f800 WatcherThread [stack: 0x00007efd941c9000,0x00007efd942c9000] [id=5895]

VM state:at safepoint (normal execution)

VM Mutex/Monitor currently owned by a thread:  ([mutex/lock_event])
[0x00007efdac0077d0] Threads_lock - owner thread: 0x00007efdac1c8800
[0x00007efdac007cd0] Heap_lock - owner thread: 0x00007efdac00b000

Heap:
 PSYoungGen      total 382976K, used 18928K [0x000000076ca00000, 0x0000000789500000, 0x00000007c0000000)
  eden space 364032K, 0% used [0x000000076ca00000,0x000000076ca00000,0x0000000782d80000)
  from space 18944K, 99% used [0x0000000782d80000,0x0000000783ffc150,0x0000000784000000)
  to   space 19968K, 0% used [0x0000000784000000,0x0000000784000000,0x0000000785380000)
 ParOldGen       total 133632K, used 22337K [0x00000006c5e00000, 0x00000006ce080000, 0x000000076ca00000)
  object space 133632K, 16% used [0x00000006c5e00000,0x00000006c73d0580,0x00000006ce080000)
 Metaspace       used 52917K, capacity 54480K, committed 54824K, reserved 1097728K
  class space    used 6875K, capacity 7184K, committed 7216K, reserved 1048576K

Card table byte_map: [0x00007efdb01f3000,0x00007efdb09c5000] byte_map_base: 0x00007efdacbc4000

Marking Bits: (ParMarkBitMap*) 0x00007efdb31980a0
 Begin Bits: [0x00007efd702f0000, 0x00007efd74178000)
 End Bits:   [0x00007efd74178000, 0x00007efd78000000)

Polling page: 0x00007efdb3e15000

CodeCache: size=245760Kb used=17143Kb max_used=18754Kb free=228616Kb
 bounds [0x00007efd9d000000, 0x00007efd9e260000, 0x00007efdac000000]
 total_blobs=5290 nmethods=4754 adapters=449
 compilation: enabled

Compilation events (10 events):
Event: 8.699 Thread 0x00007efdac20d800 nmethod 5378 0x00007efd9d2eaa10 code [0x00007efd9d2eabc0, 0x00007efd9d2eb218]
Event: 8.704 Thread 0x00007efdac209000 nmethod 5379 0x00007efd9da1ef90 code [0x00007efd9da1f180, 0x00007efd9da20058]
Event: 8.740 Thread 0x00007efdac20f800 5381       3       com.mysql.jdbc.MysqlIO::reuseAndReadPacket (7 bytes)
Event: 8.741 Thread 0x00007efdac20f800 nmethod 5381 0x00007efd9d4c36d0 code [0x00007efd9d4c3840, 0x00007efd9d4c39c8]
Event: 8.742 Thread 0x00007efdac20f800 5384       3       com.mysql.jdbc.StatementImpl::checkClosed (26 bytes)
Event: 8.743 Thread 0x00007efdac20f800 nmethod 5384 0x00007efd9d1965d0 code [0x00007efd9d196760, 0x00007efd9d196b58]
Event: 8.743 Thread 0x00007efdac20f800 5383       3       com.mysql.jdbc.RowDataStatic::next (77 bytes)
Event: 8.744 Thread 0x00007efdac20f800 nmethod 5383 0x00007efd9d335a50 code [0x00007efd9d335c40, 0x00007efd9d336498]
Event: 8.745 Thread 0x00007efdac20f800 5382   !   3       com.mysql.jdbc.MysqlIO::reuseAndReadPacket (504 bytes)
Event: 8.749 Thread 0x00007efdac20f800 nmethod 5382 0x00007efd9d78b8d0 code [0x00007efd9d78bda0, 0x00007efd9d78e978]

GC Heap History (10 events):
Event: 1.426 GC heap after
Heap after GC invocations=4 (full 1):
 PSYoungGen      total 139776K, used 0K [0x000000076ca00000, 0x000000077db00000, 0x00000007c0000000)
  eden space 129024K, 0% used [0x000000076ca00000,0x000000076ca00000,0x0000000774800000)
  from space 10752K, 0% used [0x0000000774800000,0x0000000774800000,0x0000000775280000)
  to   space 10752K, 0% used [0x000000077d080000,0x000000077d080000,0x000000077db00000)
 ParOldGen       total 92160K, used 8123K [0x00000006c5e00000, 0x00000006cb800000, 0x000000076ca00000)
  object space 92160K, 8% used [0x00000006c5e00000,0x00000006c65eecc0,0x00000006cb800000)
 Metaspace       used 20567K, capacity 21214K, committed 21296K, reserved 1067008K
  class space    used 2682K, capacity 2845K, committed 2864K, reserved 1048576K
}
Event: 2.376 GC heap before
{Heap before GC invocations=5 (full 1):
 PSYoungGen      total 139776K, used 129024K [0x000000076ca00000, 0x000000077db00000, 0x00000007c0000000)
  eden space 129024K, 100% used [0x000000076ca00000,0x0000000774800000,0x0000000774800000)
  from space 10752K, 0% used [0x0000000774800000,0x0000000774800000,0x0000000775280000)
  to   space 10752K, 0% used [0x000000077d080000,0x000000077d080000,0x000000077db00000)
 ParOldGen       total 92160K, used 8123K [0x00000006c5e00000, 0x00000006cb800000, 0x000000076ca00000)
  object space 92160K, 8% used [0x00000006c5e00000,0x00000006c65eecc0,0x00000006cb800000)
 Metaspace       used 26870K, capacity 27798K, committed 28080K, reserved 1073152K
  class space    used 3480K, capacity 3691K, committed 3760K, reserved 1048576K
Event: 2.414 GC heap after
Heap after GC invocations=5 (full 1):
 PSYoungGen      total 228352K, used 10741K [0x000000076ca00000, 0x000000077db00000, 0x00000007c0000000)
  eden space 217600K, 0% used [0x000000076ca00000,0x000000076ca00000,0x0000000779e80000)
  from space 10752K, 99% used [0x000000077d080000,0x000000077dafd6f0,0x000000077db00000)
  to   space 10752K, 0% used [0x000000077c600000,0x000000077c600000,0x000000077d080000)
 ParOldGen       total 92160K, used 10978K [0x00000006c5e00000, 0x00000006cb800000, 0x000000076ca00000)
  object space 92160K, 11% used [0x00000006c5e00000,0x00000006c68b8aa8,0x00000006cb800000)
 Metaspace       used 26870K, capacity 27798K, committed 28080K, reserved 1073152K
  class space    used 3480K, capacity 3691K, committed 3760K, reserved 1048576K
}
Event: 3.874 GC heap before
{Heap before GC invocations=6 (full 1):
 PSYoungGen      total 228352K, used 228341K [0x000000076ca00000, 0x000000077db00000, 0x00000007c0000000)
  eden space 217600K, 100% used [0x000000076ca00000,0x0000000779e80000,0x0000000779e80000)
  from space 10752K, 99% used [0x000000077d080000,0x000000077dafd6f0,0x000000077db00000)
  to   space 10752K, 0% used [0x000000077c600000,0x000000077c600000,0x000000077d080000)
 ParOldGen       total 92160K, used 10978K [0x00000006c5e00000, 0x00000006cb800000, 0x000000076ca00000)
  object space 92160K, 11% used [0x00000006c5e00000,0x00000006c68b8aa8,0x00000006cb800000)
 Metaspace       used 33270K, capacity 34650K, committed 34992K, reserved 1079296K
  class space    used 4418K, capacity 4685K, committed 4784K, reserved 1048576K
Event: 3.935 GC heap after
Heap after GC invocations=6 (full 1):
 PSYoungGen      total 268800K, used 10741K [0x000000076ca00000, 0x0000000785380000, 0x00000007c0000000)
  eden space 258048K, 0% used [0x000000076ca00000,0x000000076ca00000,0x000000077c600000)
  from space 10752K, 99% used [0x000000077c600000,0x000000077d07d708,0x000000077d080000)
  to   space 19968K, 0% used [0x0000000784000000,0x0000000784000000,0x0000000785380000)
 ParOldGen       total 92160K, used 19109K [0x00000006c5e00000, 0x00000006cb800000, 0x000000076ca00000)
  object space 92160K, 20% used [0x00000006c5e00000,0x00000006c70a94f0,0x00000006cb800000)
 Metaspace       used 33270K, capacity 34650K, committed 34992K, reserved 1079296K
  class space    used 4418K, capacity 4685K, committed 4784K, reserved 1048576K
}
Event: 4.071 GC heap before
{Heap before GC invocations=7 (full 1):
 PSYoungGen      total 268800K, used 31252K [0x000000076ca00000, 0x0000000785380000, 0x00000007c0000000)
  eden space 258048K, 7% used [0x000000076ca00000,0x000000076de07c90,0x000000077c600000)
  from space 10752K, 99% used [0x000000077c600000,0x000000077d07d708,0x000000077d080000)
  to   space 19968K, 0% used [0x0000000784000000,0x0000000784000000,0x0000000785380000)
 ParOldGen       total 92160K, used 19109K [0x00000006c5e00000, 0x00000006cb800000, 0x000000076ca00000)
  object space 92160K, 20% used [0x00000006c5e00000,0x00000006c70a94f0,0x00000006cb800000)
 Metaspace       used 34156K, capacity 35456K, committed 35496K, reserved 1079296K
  class space    used 4511K, capacity 4782K, committed 4784K, reserved 1048576K
Event: 4.080 GC heap after
Heap after GC invocations=7 (full 1):
 PSYoungGen      total 384000K, used 11590K [0x000000076ca00000, 0x0000000789500000, 0x00000007c0000000)
  eden space 364032K, 0% used [0x000000076ca00000,0x000000076ca00000,0x0000000782d80000)
  from space 19968K, 58% used [0x0000000784000000,0x0000000784b51b18,0x0000000785380000)
  to   space 18944K, 0% used [0x0000000782d80000,0x0000000782d80000,0x0000000784000000)
 ParOldGen       total 92160K, used 19117K [0x00000006c5e00000, 0x00000006cb800000, 0x000000076ca00000)
  object space 92160K, 20% used [0x00000006c5e00000,0x00000006c70ab4f0,0x00000006cb800000)
 Metaspace       used 34156K, capacity 35456K, committed 35496K, reserved 1079296K
  class space    used 4511K, capacity 4782K, committed 4784K, reserved 1048576K
}
Event: 4.080 GC heap before
{Heap before GC invocations=8 (full 2):
 PSYoungGen      total 384000K, used 11590K [0x000000076ca00000, 0x0000000789500000, 0x00000007c0000000)
  eden space 364032K, 0% used [0x000000076ca00000,0x000000076ca00000,0x0000000782d80000)
  from space 19968K, 58% used [0x0000000784000000,0x0000000784b51b18,0x0000000785380000)
  to   space 18944K, 0% used [0x0000000782d80000,0x0000000782d80000,0x0000000784000000)
 ParOldGen       total 92160K, used 19117K [0x00000006c5e00000, 0x00000006cb800000, 0x000000076ca00000)
  object space 92160K, 20% used [0x00000006c5e00000,0x00000006c70ab4f0,0x00000006cb800000)
 Metaspace       used 34156K, capacity 35456K, committed 35496K, reserved 1079296K
  class space    used 4511K, capacity 4782K, committed 4784K, reserved 1048576K
Event: 4.135 GC heap after
Heap after GC invocations=8 (full 2):
 PSYoungGen      total 384000K, used 0K [0x000000076ca00000, 0x0000000789500000, 0x00000007c0000000)
  eden space 364032K, 0% used [0x000000076ca00000,0x000000076ca00000,0x0000000782d80000)
  from space 19968K, 0% used [0x0000000784000000,0x0000000784000000,0x0000000785380000)
  to   space 18944K, 0% used [0x0000000782d80000,0x0000000782d80000,0x0000000784000000)
 ParOldGen       total 133632K, used 17363K [0x00000006c5e00000, 0x00000006ce080000, 0x000000076ca00000)
  object space 133632K, 12% used [0x00000006c5e00000,0x00000006c6ef4d98,0x00000006ce080000)
 Metaspace       used 34156K, capacity 35456K, committed 35496K, reserved 1079296K
  class space    used 4511K, capacity 4782K, committed 4784K, reserved 1048576K
}
Event: 8.824 GC heap before
{Heap before GC invocations=9 (full 2):
 PSYoungGen      total 384000K, used 364032K [0x000000076ca00000, 0x0000000789500000, 0x00000007c0000000)
  eden space 364032K, 100% used [0x000000076ca00000,0x0000000782d80000,0x0000000782d80000)
  from space 19968K, 0% used [0x0000000784000000,0x0000000784000000,0x0000000785380000)
  to   space 18944K, 0% used [0x0000000782d80000,0x0000000782d80000,0x0000000784000000)
 ParOldGen       total 133632K, used 17363K [0x00000006c5e00000, 0x00000006ce080000, 0x000000076ca00000)
  object space 133632K, 12% used [0x00000006c5e00000,0x00000006c6ef4d98,0x00000006ce080000)
 Metaspace       used 52917K, capacity 54480K, committed 54824K, reserved 1097728K
  class space    used 6875K, capacity 7184K, committed 7216K, reserved 1048576K

Deoptimization events (10 events):
Event: 8.144 Thread 0x00007efdac00b000 Uncommon trap: reason=unstable_if action=reinterpret pc=0x00007efd9d418a74 method=java.lang.String$CaseInsensitiveComparator.compare(Ljava/lang/String;Ljava/lang/String;)I @ 70
Event: 8.170 Thread 0x00007efdac00b000 Uncommon trap: reason=unstable_if action=reinterpret pc=0x00007efd9d34e518 method=java.lang.String$CaseInsensitiveComparator.compare(Ljava/lang/String;Ljava/lang/String;)I @ 70
Event: 8.693 Thread 0x00007efdac00b000 Uncommon trap: reason=bimorphic action=maybe_recompile pc=0x00007efd9dfce064 method=java.util.Hashtable.put(Ljava/lang/Object;Ljava/lang/Object;)Ljava/lang/Object; @ 18
Event: 8.693 Thread 0x00007efdac00b000 Uncommon trap: reason=bimorphic action=maybe_recompile pc=0x00007efd9dfce064 method=java.util.Hashtable.put(Ljava/lang/Object;Ljava/lang/Object;)Ljava/lang/Object; @ 18
Event: 8.693 Thread 0x00007efdac00b000 Uncommon trap: reason=bimorphic action=maybe_recompile pc=0x00007efd9dfce064 method=java.util.Hashtable.put(Ljava/lang/Object;Ljava/lang/Object;)Ljava/lang/Object; @ 18
Event: 8.693 Thread 0x00007efdac00b000 Uncommon trap: reason=bimorphic action=maybe_recompile pc=0x00007efd9dfce064 method=java.util.Hashtable.put(Ljava/lang/Object;Ljava/lang/Object;)Ljava/lang/Object; @ 18
Event: 8.693 Thread 0x00007efdac00b000 Uncommon trap: reason=class_check action=maybe_recompile pc=0x00007efd9dfcb5a8 method=java.util.Hashtable.addEntry(ILjava/lang/Object;Ljava/lang/Object;I)V @ 38
Event: 8.693 Thread 0x00007efdac00b000 Uncommon trap: reason=class_check action=maybe_recompile pc=0x00007efd9dfcb5a8 method=java.util.Hashtable.addEntry(ILjava/lang/Object;Ljava/lang/Object;I)V @ 38
Event: 8.693 Thread 0x00007efdac00b000 Uncommon trap: reason=class_check action=maybe_recompile pc=0x00007efd9dfcb5a8 method=java.util.Hashtable.addEntry(ILjava/lang/Object;Ljava/lang/Object;I)V @ 38
Event: 8.693 Thread 0x00007efdac00b000 Uncommon trap: reason=class_check action=maybe_recompile pc=0x00007efd9dfcb5a8 method=java.util.Hashtable.addEntry(ILjava/lang/Object;Ljava/lang/Object;I)V @ 38

Classes redefined (0 events):
No events

Internal exceptions (10 events):
Event: 7.032 Thread 0x00007efdac00b000 Exception <a 'java/lang/ClassNotFoundException': org/springframework/context/ResourceLoaderAwareCustomizer> (0x00000007765ca2a0) thrown at [/HUDSON/workspace/8-2-build-linux-amd64/jdk8u181/11358/hotspot/src/share/vm/classfile/systemDictionary.cpp, line 21
Event: 7.033 Thread 0x00007efdac00b000 Exception <a 'java/lang/ClassNotFoundException': org/springframework/context/weaving/LoadTimeWeaverAwareCustomizer> (0x00000007765f63b0) thrown at [/HUDSON/workspace/8-2-build-linux-amd64/jdk8u181/11358/hotspot/src/share/vm/classfile/systemDictionary.cpp,
Event: 7.033 Thread 0x00007efdac00b000 Exception <a 'java/lang/ClassNotFoundException': org/springframework/beans/factory/FactoryBeanCustomizer> (0x000000077661e0d0) thrown at [/HUDSON/workspace/8-2-build-linux-amd64/jdk8u181/11358/hotspot/src/share/vm/classfile/systemDictionary.cpp, line 210]
Event: 7.033 Thread 0x00007efdac00b000 Exception <a 'java/lang/ClassNotFoundException': org/springframework/beans/factory/BeanClassLoaderAwareCustomizer> (0x000000077664df18) thrown at [/HUDSON/workspace/8-2-build-linux-amd64/jdk8u181/11358/hotspot/src/share/vm/classfile/systemDictionary.cpp, 
Event: 7.034 Thread 0x00007efdac00b000 Exception <a 'java/lang/ClassNotFoundException': org/springframework/beans/factory/BeanFactoryAwareCustomizer> (0x0000000776678010) thrown at [/HUDSON/workspace/8-2-build-linux-amd64/jdk8u181/11358/hotspot/src/share/vm/classfile/systemDictionary.cpp, line
Event: 7.034 Thread 0x00007efdac00b000 Exception <a 'java/lang/ClassNotFoundException': org/springframework/beans/factory/BeanNameAwareCustomizer> (0x00000007766a0960) thrown at [/HUDSON/workspace/8-2-build-linux-amd64/jdk8u181/11358/hotspot/src/share/vm/classfile/systemDictionary.cpp, line 21
Event: 7.034 Thread 0x00007efdac00b000 Exception <a 'java/lang/ClassNotFoundException': org/springframework/beans/factory/InitializingBeanCustomizer> (0x00000007766ca970) thrown at [/HUDSON/workspace/8-2-build-linux-amd64/jdk8u181/11358/hotspot/src/share/vm/classfile/systemDictionary.cpp, line
Event: 7.034 Thread 0x00007efdac00b000 Exception <a 'java/lang/ClassNotFoundException': org/springframework/beans/factory/DisposableBeanCustomizer> (0x00000007766f2588) thrown at [/HUDSON/workspace/8-2-build-linux-amd64/jdk8u181/11358/hotspot/src/share/vm/classfile/systemDictionary.cpp, line 2
Event: 7.034 Thread 0x00007efdac00b000 Exception <a 'java/lang/ClassNotFoundException': org/springframework/orm/jpa/EntityManagerFactoryInfoCustomizer> (0x000000077671cc30) thrown at [/HUDSON/workspace/8-2-build-linux-amd64/jdk8u181/11358/hotspot/src/share/vm/classfile/systemDictionary.cpp, li
Event: 7.035 Thread 0x00007efdac00b000 Exception <a 'java/lang/ClassNotFoundException': org/springframework/dao/support/PersistenceExceptionTranslatorCustomizer> (0x0000000776758258) thrown at [/HUDSON/workspace/8-2-build-linux-amd64/jdk8u181/11358/hotspot/src/share/vm/classfile/systemDictiona

Events (10 events):
Event: 8.743 Thread 0x00007efdac20f800 flushing nmethod 0x00007efd9dcfb110
Event: 8.743 Thread 0x00007efdac20f800 flushing nmethod 0x00007efd9dd0d110
Event: 8.743 Thread 0x00007efdac20f800 flushing nmethod 0x00007efd9dd73e90
Event: 8.743 Thread 0x00007efdac20f800 flushing nmethod 0x00007efd9ddab810
Event: 8.743 Thread 0x00007efdac20f800 flushing nmethod 0x00007efd9ddaded0
Event: 8.744 Thread 0x00007efdac20f800 flushing nmethod 0x00007efd9ddc1d50
Event: 8.744 Thread 0x00007efdac20f800 flushing nmethod 0x00007efd9ddcbad0
Event: 8.799 Executing VM operation: BulkRevokeBias
Event: 8.799 Executing VM operation: BulkRevokeBias done
Event: 8.824 Executing VM operation: ParallelGCFailedAllocation


Dynamic libraries:
00400000-00401000 r-xp 00000000 08:02 5908243                            /usr/lib/jvm/java-8-oracle/jre/bin/java
00600000-00601000 rw-p 00000000 08:02 5908243                            /usr/lib/jvm/java-8-oracle/jre/bin/java
00a35000-00a56000 rw-p 00000000 00:00 0                                  [heap]
6c5e00000-6ce080000 rw-p 00000000 00:00 0 
6ce080000-76ca00000 ---p 00000000 00:00 0 
76ca00000-789500000 rw-p 00000000 00:00 0 
794180000-7c0000000 ---p 00000000 00:00 0 
7c0000000-7c070c000 rw-p 00000000 00:00 0 
7c070c000-800000000 ---p 00000000 00:00 0 
7efd24000000-7efd24021000 rw-p 00000000 00:00 0 
7efd24021000-7efd28000000 ---p 00000000 00:00 0 
7efd2c000000-7efd2c021000 rw-p 00000000 00:00 0 
7efd2c021000-7efd30000000 ---p 00000000 00:00 0 
7efd315d9000-7efd31659000 rw-p 00000000 00:00 0 
7efd31659000-7efd317d9000 ---p 00000000 00:00 0 
7efd317d9000-7efd319d9000 rw-p 00000000 00:00 0 
7efd319d9000-7efd31bd9000 rw-p 00000000 00:00 0 
7efd31bd9000-7efd31dd9000 rw-p 00000000 00:00 0 
7efd31dd9000-7efd31fd9000 rw-p 00000000 00:00 0 
7efd31fd9000-7efd321d9000 rw-p 00000000 00:00 0 
7efd321d9000-7efd321dc000 ---p 00000000 00:00 0 
7efd321dc000-7efd322da000 rw-p 00000000 00:00 0 
7efd322da000-7efd322dd000 ---p 00000000 00:00 0 
7efd322dd000-7efd325db000 rw-p 00000000 00:00 0 
7efd325db000-7efd327db000 rw-p 00000000 00:00 0 
7efd327db000-7efd329db000 rw-p 00000000 00:00 0 
7efd329db000-7efd32bd9000 rw-p 00000000 00:00 0 
7efd32bd9000-7efd32bdb000 ---p 00000000 00:00 0 
7efd32bdb000-7efd32ddb000 rw-p 00000000 00:00 0 
7efd32ddb000-7efd32fdb000 rw-p 00000000 00:00 0 
7efd32fdb000-7efd331db000 rw-p 00000000 00:00 0 
7efd331db000-7efd333db000 rw-p 00000000 00:00 0 
7efd333db000-7efd335db000 rw-p 00000000 00:00 0 
7efd335db000-7efd337db000 rw-p 00000000 00:00 0 
7efd337db000-7efd337f2000 r-xp 00000000 08:02 7082909                    /lib/x86_64-linux-gnu/libresolv-2.27.so
7efd337f2000-7efd339f2000 ---p 00017000 08:02 7082909                    /lib/x86_64-linux-gnu/libresolv-2.27.so
7efd339f2000-7efd339f3000 r--p 00017000 08:02 7082909                    /lib/x86_64-linux-gnu/libresolv-2.27.so
7efd339f3000-7efd339f4000 rw-p 00018000 08:02 7082909                    /lib/x86_64-linux-gnu/libresolv-2.27.so
7efd339f4000-7efd339f6000 rw-p 00000000 00:00 0 
7efd339f6000-7efd339fb000 r-xp 00000000 08:02 7082859                    /lib/x86_64-linux-gnu/libnss_dns-2.27.so
7efd339fb000-7efd33bfb000 ---p 00005000 08:02 7082859                    /lib/x86_64-linux-gnu/libnss_dns-2.27.so
7efd33bfb000-7efd33bfc000 r--p 00005000 08:02 7082859                    /lib/x86_64-linux-gnu/libnss_dns-2.27.so
7efd33bfc000-7efd33bfd000 rw-p 00006000 08:02 7082859                    /lib/x86_64-linux-gnu/libnss_dns-2.27.so
7efd33bfd000-7efd33bff000 r-xp 00000000 08:02 7082867                    /lib/x86_64-linux-gnu/libnss_mdns4_minimal.so.2
7efd33bff000-7efd33dfe000 ---p 00002000 08:02 7082867                    /lib/x86_64-linux-gnu/libnss_mdns4_minimal.so.2
7efd33dfe000-7efd33dff000 r--p 00001000 08:02 7082867                    /lib/x86_64-linux-gnu/libnss_mdns4_minimal.so.2
7efd33dff000-7efd33e00000 rw-p 00002000 08:02 7082867                    /lib/x86_64-linux-gnu/libnss_mdns4_minimal.so.2
7efd33e00000-7efd34000000 rw-p 00000000 00:00 0 
7efd34000000-7efd34022000 rw-p 00000000 00:00 0 
7efd34022000-7efd38000000 ---p 00000000 00:00 0 
7efd38000000-7efd384b9000 rw-p 00000000 00:00 0 
7efd384b9000-7efd3c000000 ---p 00000000 00:00 0 
7efd3c000000-7efd3c0aa000 rw-p 00000000 00:00 0 
7efd3c0aa000-7efd40000000 ---p 00000000 00:00 0 
7efd400c3000-7efd400c8000 r--s 0009d000 08:02 5908274                    /usr/lib/jvm/java-8-oracle/jre/lib/jsse.jar
7efd400c8000-7efd400cd000 r--s 002f9000 08:02 5908267                    /usr/lib/jvm/java-8-oracle/jre/lib/charsets.jar
7efd400cd000-7efd40162000 r--s 0110e000 08:02 5908372                    /usr/lib/jvm/java-8-oracle/jre/lib/ext/jfxrt.jar
7efd40162000-7efd40362000 rw-p 00000000 00:00 0 
7efd40362000-7efd40365000 ---p 00000000 00:00 0 
7efd40365000-7efd40663000 rw-p 00000000 00:00 0 
7efd40663000-7efd43664000 rw-p 00000000 00:00 0 
7efd43664000-7efd4367a000 r-xp 00000000 08:02 5908490                    /usr/lib/jvm/java-8-oracle/jre/lib/amd64/libnet.so
7efd4367a000-7efd4387a000 ---p 00016000 08:02 5908490                    /usr/lib/jvm/java-8-oracle/jre/lib/amd64/libnet.so
7efd4387a000-7efd4387b000 rw-p 00016000 08:02 5908490                    /usr/lib/jvm/java-8-oracle/jre/lib/amd64/libnet.so
7efd4387b000-7efd4388c000 r-xp 00000000 08:02 5908493                    /usr/lib/jvm/java-8-oracle/jre/lib/amd64/libnio.so
7efd4388c000-7efd43a8b000 ---p 00011000 08:02 5908493                    /usr/lib/jvm/java-8-oracle/jre/lib/amd64/libnio.so
7efd43a8b000-7efd43a8c000 rw-p 00010000 08:02 5908493                    /usr/lib/jvm/java-8-oracle/jre/lib/amd64/libnio.so
7efd43a8c000-7efd43c8c000 rw-p 00000000 00:00 0 
7efd43c8c000-7efd43c93000 r--s 00000000 08:02 5903478                    /usr/lib/x86_64-linux-gnu/gconv/gconv-modules.cache
7efd43c93000-7efd43cb4000 r--p 00000000 08:02 6690032                    /usr/share/locale-langpack/zh_CN/LC_MESSAGES/libc.mo
7efd43cb4000-7efd43cbe000 r--s 00116000 08:02 5908378                    /usr/lib/jvm/java-8-oracle/jre/lib/ext/localedata.jar
7efd43cbe000-7efd43cda000 r--s 00393000 08:02 5908371                    /usr/lib/jvm/java-8-oracle/jre/lib/ext/cldrdata.jar
7efd43cda000-7efd43cdd000 ---p 00000000 00:00 0 
7efd43cdd000-7efd43d13000 rw-p 00000000 00:00 0 
7efd43d13000-7efd43d16000 r--s 00012000 08:02 5253641                    /home/baymin/.m2/repository/org/apache/maven/surefire/surefire-junit4/2.21.0/surefire-junit4-2.21.0.jar
7efd43d16000-7efd43d1b000 r--s 00022000 08:02 6824348                    /home/baymin/.m2/repository/org/xmlunit/xmlunit-core/2.5.1/xmlunit-core-2.5.1.jar
7efd43d1b000-7efd43d28000 r--s 00087000 08:02 6819013                    /home/baymin/.m2/repository/org/springframework/spring-test/5.0.8.RELEASE/spring-test-5.0.8.RELEASE.jar
7efd43d28000-7efd43d2a000 r--s 00004000 08:02 5807651                    /home/baymin/.m2/repository/org/springframework/spring-jcl/5.0.8.RELEASE/spring-jcl-5.0.8.RELEASE.jar
7efd43d2a000-7efd43d42000 r--s 00114000 08:02 5807640                    /home/baymin/.m2/repository/org/springframework/spring-core/5.0.8.RELEASE/spring-core-5.0.8.RELEASE.jar
7efd43d42000-7efd43d43000 r--s 00004000 08:02 6824340                    /home/baymin/.m2/repository/com/vaadin/external/google/android-json/0.0.20131108.vaadin1/android-json-0.0.20131108.vaadin1.jar
7efd43d43000-7efd43d45000 r--s 00006000 08:02 6824339                    /home/baymin/.m2/repository/org/skyscreamer/jsonassert/1.5.0/jsonassert-1.5.0.jar
7efd43d45000-7efd43d46000 r--s 0000c000 08:02 6824344                    /home/baymin/.m2/repository/org/hamcrest/hamcrest-library/1.3/hamcrest-library-1.3.jar
7efd43d46000-7efd43d48000 r--s 00009000 08:02 6824333                    /home/baymin/.m2/repository/org/hamcrest/hamcrest-core/1.3/hamcrest-core-1.3.jar
7efd43d48000-7efd43d4a000 r--s 0000c000 08:02 6824338                    /home/baymin/.m2/repository/org/objenesis/objenesis/2.6/objenesis-2.6.jar
7efd43d4a000-7efd43d4c000 r--s 00009000 08:02 6698437                    /home/baymin/.m2/repository/net/bytebuddy/byte-buddy-agent/1.7.11/byte-buddy-agent-1.7.11.jar
7efd43d4c000-7efd43d88000 r--s 00290000 08:02 6435385                    /home/baymin/.m2/repository/net/bytebuddy/byte-buddy/1.7.11/byte-buddy-1.7.11.jar
7efd43d88000-7efd43d98000 r--s 00075000 08:02 6824336                    /home/baymin/.m2/repository/org/mockito/mockito-core/2.15.0/mockito-core-2.15.0.jar
7efd43d98000-7efd43ded000 r--s 00367000 08:02 6824334                    /home/baymin/.m2/repository/org/assertj/assertj-core/3.9.1/assertj-core-3.9.1.jar
7efd43ded000-7efd43df5000 r--s 00045000 08:02 3828225                    /home/baymin/.m2/repository/junit/junit/4.12/junit-4.12.jar
7efd43df5000-7efd43df7000 r--s 0000c000 08:02 6824331                    /home/baymin/.m2/repository/org/ow2/asm/asm/5.0.4/asm-5.0.4.jar
7efd43df7000-7efd43dfa000 r--s 0001b000 08:02 6824326                    /home/baymin/.m2/repository/net/minidev/json-smart/2.3/json-smart-2.3.jar
7efd43dfa000-7efd43e00000 r--s 00031000 08:02 6824324                    /home/baymin/.m2/repository/com/jayway/jsonpath/json-path/2.4.0/json-path-2.4.0.jar
7efd43e00000-7efd43e07000 r--s 00020000 08:02 6819010                    /home/baymin/.m2/repository/org/springframework/boot/spring-boot-test-autoconfigure/2.0.4.RELEASE/spring-boot-test-autoconfigure-2.0.4.RELEASE.jar
7efd43e07000-7efd43e11000 r--s 000ec000 08:02 548511                     /home/baymin/.m2/repository/mysql/mysql-connector-java/5.1.46/mysql-connector-java-5.1.46.jar
7efd43e11000-7efd43e21000 r--s 000b2000 08:02 6294503                    /home/baymin/.m2/repository/org/springframework/spring-webmvc/5.0.8.RELEASE/spring-webmvc-5.0.8.RELEASE.jar
7efd43e21000-7efd43e3b000 r--s 0011b000 08:02 6294497                    /home/baymin/.m2/repository/org/springframework/spring-web/5.0.8.RELEASE/spring-web-5.0.8.RELEASE.jar
7efd43e3b000-7efd43e58000 r--s 000fe000 08:02 6690156                    /home/baymin/.m2/repository/org/hibernate/validator/hibernate-validator/6.0.11.Final/hibernate-validator-6.0.11.Final.jar
7efd43e58000-7efd43e81000 r--s 002d3000 08:02 4471117                    /home/baymin/.m2/repository/org/apache/tomcat/embed/tomcat-embed-core/8.5.32/tomcat-embed-core-8.5.32.jar
7efd43e81000-7efd43eff000 r--s 005f0000 08:02 6701658                    /home/baymin/.m2/repository/org/hibernate/hibernate-core/5.2.17.Final/hibernate-core-5.2.17.Final.jar
7efd43eff000-7efd43f02000 ---p 00000000 00:00 0 
7efd43f02000-7efd44000000 rw-p 00000000 00:00 0 
7efd44000000-7efd44021000 rw-p 00000000 00:00 0 
7efd44021000-7efd48000000 ---p 00000000 00:00 0 
7efd48000000-7efd48021000 rw-p 00000000 00:00 0 
7efd48021000-7efd4c000000 ---p 00000000 00:00 0 
7efd4c000000-7efd4d53f000 rw-p 00000000 00:00 0 
7efd4d53f000-7efd50000000 ---p 00000000 00:00 0 
7efd50000000-7efd50021000 rw-p 00000000 00:00 0 
7efd50021000-7efd54000000 ---p 00000000 00:00 0 
7efd54000000-7efd5585e000 rw-p 00000000 00:00 0 
7efd5585e000-7efd58000000 ---p 00000000 00:00 0 
7efd58000000-7efd59776000 rw-p 00000000 00:00 0 
7efd59776000-7efd5c000000 ---p 00000000 00:00 0 
7efd5c000000-7efd5c021000 rw-p 00000000 00:00 0 
7efd5c021000-7efd60000000 ---p 00000000 00:00 0 
7efd60000000-7efd618f2000 rw-p 00000000 00:00 0 
7efd618f2000-7efd64000000 ---p 00000000 00:00 0 
7efd64000000-7efd64021000 rw-p 00000000 00:00 0 
7efd64021000-7efd68000000 ---p 00000000 00:00 0 
7efd68000000-7efd68021000 rw-p 00000000 00:00 0 
7efd68021000-7efd6c000000 ---p 00000000 00:00 0 
7efd6c000000-7efd6c292000 rw-p 00000000 00:00 0 
7efd6c292000-7efd70000000 ---p 00000000 00:00 0 
7efd70000000-7efd70002000 r--s 00006000 08:02 6824328                    /home/baymin/.m2/repository/net/minidev/accessors-smart/1.2/accessors-smart-1.2.jar
7efd70002000-7efd70007000 r--s 0002b000 08:02 6819011                    /home/baymin/.m2/repository/org/springframework/boot/spring-boot-test/2.0.4.RELEASE/spring-boot-test-2.0.4.RELEASE.jar
7efd70007000-7efd70008000 r--s 00000000 08:02 6819005                    /home/baymin/.m2/repository/org/springframework/boot/spring-boot-starter-test/2.0.4.RELEASE/spring-boot-starter-test-2.0.4.RELEASE.jar
7efd70008000-7efd7000d000 r--s 00012000 08:02 6175802                    /home/baymin/.m2/repository/javax/validation/validation-api/2.0.1.Final/validation-api-2.0.1.Final.jar
7efd7000d000-7efd70012000 r--s 0003a000 08:02 4471514                    /home/baymin/.m2/repository/org/apache/tomcat/embed/tomcat-embed-websocket/8.5.32/tomcat-embed-websocket-8.5.32.jar
7efd70012000-7efd70017000 r--s 00037000 08:02 4471492                    /home/baymin/.m2/repository/org/apache/tomcat/embed/tomcat-embed-el/8.5.32/tomcat-embed-el-8.5.32.jar
7efd70017000-7efd70018000 r--s 00000000 08:02 6690140                    /home/baymin/.m2/repository/org/springframework/boot/spring-boot-starter-tomcat/2.0.4.RELEASE/spring-boot-starter-tomcat-2.0.4.RELEASE.jar
7efd70018000-7efd7001a000 r--s 00001000 08:02 6690151                    /home/baymin/.m2/repository/com/fasterxml/jackson/module/jackson-module-parameter-names/2.9.6/jackson-module-parameter-names-2.9.6.jar
7efd7001a000-7efd7001d000 r--s 00016000 08:02 6690146                    /home/baymin/.m2/repository/com/fasterxml/jackson/datatype/jackson-datatype-jsr310/2.9.6/jackson-datatype-jsr310-2.9.6.jar
7efd7001d000-7efd7001f000 r--s 00007000 08:02 6690142                    /home/baymin/.m2/repository/com/fasterxml/jackson/datatype/jackson-datatype-jdk8/2.9.6/jackson-datatype-jdk8-2.9.6.jar
7efd7001f000-7efd70020000 r--s 00000000 08:02 6168442                    /home/baymin/.m2/repository/org/springframework/boot/spring-boot-starter-json/2.0.4.RELEASE/spring-boot-starter-json-2.0.4.RELEASE.jar
7efd70020000-7efd70021000 r--s 00000000 08:02 5649790                    /home/baymin/.m2/repository/org/springframework/boot/spring-boot-starter-web/2.0.4.RELEASE/spring-boot-starter-web-2.0.4.RELEASE.jar
7efd70021000-7efd70023000 r--s 0000a000 08:02 5649788                    /home/baymin/.m2/repository/org/springframework/spring-aspects/5.0.8.RELEASE/spring-aspects-5.0.8.RELEASE.jar
7efd70023000-7efd70027000 r--s 0002b000 08:02 5649783                    /home/baymin/.m2/repository/org/springframework/spring-orm/5.0.8.RELEASE/spring-orm-5.0.8.RELEASE.jar
7efd70027000-7efd7003e000 r--s 000f1000 08:02 5511417                    /home/baymin/.m2/repository/org/springframework/data/spring-data-commons/2.0.9.RELEASE/spring-data-commons-2.0.9.RELEASE.jar
7efd7003e000-7efd70046000 r--s 0004b000 08:02 5511414                    /home/baymin/.m2/repository/org/springframework/data/spring-data-jpa/2.0.9.RELEASE/spring-data-jpa-2.0.9.RELEASE.jar
7efd70046000-7efd70048000 r--s 00006000 08:02 5648968                    /home/baymin/.m2/repository/javax/transaction/javax.transaction-api/1.2/javax.transaction-api-1.2.jar
7efd70048000-7efd7004b000 r--s 00010000 08:02 6701628                    /home/baymin/.m2/repository/org/hibernate/common/hibernate-commons-annotations/5.0.1.Final/hibernate-commons-annotations-5.0.1.Final.jar
7efd7004b000-7efd7004e000 r--s 0002b000 08:02 6701660                    /home/baymin/.m2/repository/org/jboss/jandex/2.0.3.Final/jandex-2.0.3.Final.jar
7efd7004e000-7efd70053000 r--s 00068000 08:02 5386435                    /home/baymin/.m2/repository/antlr/antlr/2.7.7/antlr-2.7.7.jar
7efd70053000-7efd7005d000 r--s 000ab000 08:02 6835302                    /home/baymin/.m2/repository/org/javassist/javassist/3.22.0-GA/javassist-3.22.0-GA.jar
7efd7005d000-7efd70062000 r--s 00017000 08:02 6690136                    /home/baymin/.m2/repository/org/hibernate/javax/persistence/hibernate-jpa-2.1-api/1.0.2.Final/hibernate-jpa-2.1-api-1.0.2.Final.jar
7efd70062000-7efd70064000 r--s 0000f000 08:02 6824290                    /home/baymin/.m2/repository/org/jboss/logging/jboss-logging/3.3.2.Final/jboss-logging-3.3.2.Final.jar
7efd70064000-7efd7007d000 r--s 001bf000 08:02 422061                     /home/baymin/.m2/repository/org/aspectj/aspectjweaver/1.8.13/aspectjweaver-1.8.13.jar
7efd7007d000-7efd7007e000 r--s 00000000 08:02 5381171                    /home/baymin/.m2/repository/org/springframework/boot/spring-boot-starter-aop/2.0.4.RELEASE/spring-boot-starter-aop-2.0.4.RELEASE.jar
7efd7007e000-7efd7007f000 r--s 00000000 08:02 5649782                    /home/baymin/.m2/repository/org/springframework/boot/spring-boot-starter-data-jpa/2.0.4.RELEASE/spring-boot-starter-data-jpa-2.0.4.RELEASE.jar
7efd7007f000-7efd70081000 r--s 002c4000 08:02 6819062                    /home/baymin/.m2/repository/io/springfox/springfox-swagger-ui/2.9.2/springfox-swagger-ui-2.9.2.jar
7efd70081000-7efd70083000 r--s 00004000 08:02 6819091                    /home/baymin/.m2/repository/org/mapstruct/mapstruct/1.2.0.Final/mapstruct-1.2.0.Final.jar
7efd70083000-7efd70085000 r--s 00000000 08:02 6824309                    /home/baymin/.m2/repository/org/springframework/plugin/spring-plugin-metadata/1.2.0.RELEASE/spring-plugin-metadata-1.2.0.RELEASE.jar
7efd70085000-7efd70087000 r--s 0000e000 08:02 5381817                    /home/baymin/.m2/repository/com/fasterxml/classmate/1.3.4/classmate-1.3.4.jar
7efd70087000-7efd700b6000 r--s 00226000 08:02 6824301                    /home/baymin/.m2/repository/com/google/guava/guava/20.0/guava-20.0.jar
7efd700b6000-7efd700bb000 r--s 0002b000 08:02 6819064                    /home/baymin/.m2/repository/io/springfox/springfox-spring-web/2.9.2/springfox-spring-web-2.9.2.jar
7efd700bb000-7efd700bf000 r--s 00017000 08:02 6819099                    /home/baymin/.m2/repository/io/springfox/springfox-swagger-common/2.9.2/springfox-swagger-common-2.9.2.jar
7efd700bf000-7efd700c2000 r--s 00012000 08:02 6819096                    /home/baymin/.m2/repository/io/springfox/springfox-schema/2.9.2/springfox-schema-2.9.2.jar
7efd700c2000-7efd700c6000 r--s 00019000 08:02 5903595                    /home/baymin/.m2/repository/io/springfox/springfox-core/2.9.2/springfox-core-2.9.2.jar
7efd700c6000-7efd700c9000 r--s 0000b000 08:02 5650314                    /home/baymin/.m2/repository/io/springfox/springfox-spi/2.9.2/springfox-spi-2.9.2.jar
7efd700c9000-7efd700cd000 r--s 00022000 08:02 6819241                    /home/baymin/.m2/repository/io/swagger/swagger-models/1.5.20/swagger-models-1.5.20.jar
7efd700cd000-7efd700cf000 r--s 00004000 08:02 6819100                    /home/baymin/.m2/repository/io/swagger/swagger-annotations/1.5.20/swagger-annotations-1.5.20.jar
7efd700cf000-7efd700d2000 r--s 0000e000 08:02 5650318                    /home/baymin/.m2/repository/io/springfox/springfox-swagger2/2.9.2/springfox-swagger2-2.9.2.jar
7efd700d2000-7efd700da000 r--s 00037000 08:02 5511411                    /home/baymin/.m2/repository/org/springframework/spring-tx/5.0.8.RELEASE/spring-tx-5.0.8.RELEASE.jar
7efd700da000-7efd700e3000 r--s 00059000 08:02 5511418                    /home/baymin/.m2/repository/org/springframework/spring-jdbc/5.0.8.RELEASE/spring-jdbc-5.0.8.RELEASE.jar
7efd700e3000-7efd700e7000 r--s 00020000 08:02 5518115                    /home/baymin/.m2/repository/com/zaxxer/HikariCP/2.7.9/HikariCP-2.7.9.jar
7efd700e7000-7efd700f0000 r-xp 00000000 08:02 5908498                    /usr/lib/jvm/java-8-oracle/jre/lib/amd64/libmanagement.so
7efd700f0000-7efd702ef000 ---p 00009000 08:02 5908498                    /usr/lib/jvm/java-8-oracle/jre/lib/amd64/libmanagement.so
7efd702ef000-7efd702f0000 rw-p 00008000 08:02 5908498                    /usr/lib/jvm/java-8-oracle/jre/lib/amd64/libmanagement.so
7efd702f0000-7efd78000000 rw-p 00000000 00:00 0 
7efd78000000-7efd78021000 rw-p 00000000 00:00 0 
7efd78021000-7efd7c000000 ---p 00000000 00:00 0 
7efd7c000000-7efd7c021000 rw-p 00000000 00:00 0 
7efd7c021000-7efd80000000 ---p 00000000 00:00 0 
7efd80000000-7efd80021000 rw-p 00000000 00:00 0 
7efd80021000-7efd84000000 ---p 00000000 00:00 0 
7efd84000000-7efd84021000 rw-p 00000000 00:00 0 
7efd84021000-7efd88000000 ---p 00000000 00:00 0 
7efd88000000-7efd88021000 rw-p 00000000 00:00 0 
7efd88021000-7efd8c000000 ---p 00000000 00:00 0 
7efd8c000000-7efd8c021000 rw-p 00000000 00:00 0 
7efd8c021000-7efd90000000 ---p 00000000 00:00 0 
7efd90000000-7efd90021000 rw-p 00000000 00:00 0 
7efd90021000-7efd94000000 ---p 00000000 00:00 0 
7efd94000000-7efd94001000 r--s 00004000 08:02 6824312                    /home/baymin/.m2/repository/org/springframework/plugin/spring-plugin-core/1.2.0.RELEASE/spring-plugin-core-1.2.0.RELEASE.jar
7efd94001000-7efd94002000 r--s 00000000 08:02 5511408                    /home/baymin/.m2/repository/org/springframework/boot/spring-boot-starter-jdbc/2.0.4.RELEASE/spring-boot-starter-jdbc-2.0.4.RELEASE.jar
7efd94002000-7efd94023000 r--s 000fd000 08:02 5904061                    /home/baymin/.m2/repository/org/springframework/boot/spring-boot-autoconfigure/2.0.4.RELEASE/spring-boot-autoconfigure-2.0.4.RELEASE.jar
7efd94023000-7efd9404a000 r--s 0027b000 08:02 5511191                    /home/baymin/.m2/repository/com/alibaba/druid/1.1.10/druid-1.1.10.jar
7efd9404a000-7efd9404b000 r--s 00004000 08:02 5511189                    /home/baymin/.m2/repository/com/alibaba/druid-spring-boot-starter/1.1.10/druid-spring-boot-starter-1.1.10.jar
7efd9404b000-7efd94050000 r--s 00040000 08:02 5807655                    /home/baymin/.m2/repository/org/springframework/spring-expression/5.0.8.RELEASE/spring-expression-5.0.8.RELEASE.jar
7efd94050000-7efd9405d000 r--s 0006c000 08:02 5649805                    /home/baymin/.m2/repository/org/springframework/security/spring-security-web/5.0.7.RELEASE/spring-security-web-5.0.7.RELEASE.jar
7efd9405d000-7efd94077000 r--s 000f1000 08:02 5807639                    /home/baymin/.m2/repository/org/springframework/spring-context/5.0.8.RELEASE/spring-context-5.0.8.RELEASE.jar
7efd94077000-7efd94083000 r--s 0005c000 08:02 5649808                    /home/baymin/.m2/repository/org/springframework/security/spring-security-core/5.0.7.RELEASE/spring-security-core-5.0.7.RELEASE.jar
7efd94083000-7efd9408e000 r--s 0009e000 08:02 5649802                    /home/baymin/.m2/repository/org/springframework/security/spring-security-config/5.0.7.RELEASE/spring-security-config-5.0.7.RELEASE.jar
7efd9408e000-7efd9409b000 r--s 00095000 08:02 5807644                    /home/baymin/.m2/repository/org/springframework/spring-beans/5.0.8.RELEASE/spring-beans-5.0.8.RELEASE.jar
7efd9409b000-7efd940a4000 r--s 00051000 08:02 5807649                    /home/baymin/.m2/repository/org/springframework/spring-aop/5.0.8.RELEASE/spring-aop-5.0.8.RELEASE.jar
7efd940a4000-7efd940a5000 r--s 00000000 08:02 5385596                    /home/baymin/.m2/repository/org/springframework/boot/spring-boot-starter-security/2.0.4.RELEASE/spring-boot-starter-security-2.0.4.RELEASE.jar
7efd940a5000-7efd940a8000 r--s 00026000 08:02 1183001                    /home/baymin/.m2/repository/org/unbescape/unbescape/1.1.5.RELEASE/unbescape-1.1.5.RELEASE.jar
7efd940a8000-7efd940ac000 r--s 00035000 08:02 7035742                    /home/baymin/.m2/repository/org/attoparser/attoparser/2.0.4.RELEASE/attoparser-2.0.4.RELEASE.jar
7efd940ac000-7efd940bc000 r--s 000c5000 08:02 1183000                    /home/baymin/.m2/repository/org/thymeleaf/thymeleaf/3.0.9.RELEASE/thymeleaf-3.0.9.RELEASE.jar
7efd940bc000-7efd940c0000 r--s 00027000 08:02 924598                     /home/baymin/.m2/repository/org/thymeleaf/thymeleaf-spring5/3.0.9.RELEASE/thymeleaf-spring5-3.0.9.RELEASE.jar
7efd940c0000-7efd940c7000 r--s 00042000 08:02 6175804                    /home/baymin/.m2/repository/org/yaml/snakeyaml/1.19/snakeyaml-1.19.jar
7efd940c7000-7efd940ca000 ---p 00000000 00:00 0 
7efd940ca000-7efd941c8000 rw-p 00000000 00:00 0 
7efd941c8000-7efd941c9000 ---p 00000000 00:00 0 
7efd941c9000-7efd942c9000 rw-p 00000000 00:00 0 
7efd942c9000-7efd942cc000 ---p 00000000 00:00 0 
7efd942cc000-7efd943ca000 rw-p 00000000 00:00 0 
7efd943ca000-7efd943cb000 ---p 00000000 00:00 0 
7efd943cb000-7efd943ce000 ---p 00000000 00:00 0 
7efd943ce000-7efd944cb000 rw-p 00000000 00:00 0 
7efd944cb000-7efd944cc000 ---p 00000000 00:00 0 
7efd944cc000-7efd944cf000 ---p 00000000 00:00 0 
7efd944cf000-7efd945cc000 rw-p 00000000 00:00 0 
7efd945cc000-7efd945cd000 ---p 00000000 00:00 0 
7efd945cd000-7efd945d0000 ---p 00000000 00:00 0 
7efd945d0000-7efd946cd000 rw-p 00000000 00:00 0 
7efd946cd000-7efd946ce000 ---p 00000000 00:00 0 
7efd946ce000-7efd946d1000 ---p 00000000 00:00 0 
7efd946d1000-7efd947ce000 rw-p 00000000 00:00 0 
7efd947ce000-7efd947d1000 ---p 00000000 00:00 0 
7efd947d1000-7efd948cf000 rw-p 00000000 00:00 0 
7efd948cf000-7efd95312000 r--p 00000000 08:02 5773811                    /usr/lib/locale/locale-archive
7efd95312000-7efd95315000 ---p 00000000 00:00 0 
7efd95315000-7efd95413000 rw-p 00000000 00:00 0 
7efd95413000-7efd95416000 ---p 00000000 00:00 0 
7efd95416000-7efd95514000 rw-p 00000000 00:00 0 
7efd95514000-7efd95515000 ---p 00000000 00:00 0 
7efd95515000-7efd98000000 rw-p 00000000 00:00 0 
7efd98000000-7efd98021000 rw-p 00000000 00:00 0 
7efd98021000-7efd9c000000 ---p 00000000 00:00 0 
7efd9c000000-7efd9c001000 r--s 00009000 08:02 929283                     /home/baymin/.m2/repository/org/thymeleaf/extras/thymeleaf-extras-java8time/3.0.1.RELEASE/thymeleaf-extras-java8time-3.0.1.RELEASE.jar
7efd9c001000-7efd9c003000 r--s 00005000 08:02 6042272                    /home/baymin/.m2/repository/javax/annotation/javax.annotation-api/1.3.2/javax.annotation-api-1.3.2.jar
7efd9c003000-7efd9c005000 r--s 00000000 08:02 5247893                    /home/baymin/.m2/repository/org/slf4j/jul-to-slf4j/1.7.25/jul-to-slf4j-1.7.25.jar
7efd9c005000-7efd9c00b000 r--s 00039000 08:02 4472376                    /home/baymin/.m2/repository/org/apache/logging/log4j/log4j-api/2.10.0/log4j-api-2.10.0.jar
7efd9c00b000-7efd9c00d000 r--s 00003000 08:02 4472374                    /home/baymin/.m2/repository/org/apache/logging/log4j/log4j-to-slf4j/2.10.0/log4j-to-slf4j-2.10.0.jar
7efd9c00d000-7efd9c018000 r--s 00069000 08:02 5913582                    /home/baymin/.m2/repository/ch/qos/logback/logback-core/1.2.3/logback-core-1.2.3.jar
7efd9c018000-7efd9c01e000 r--s 00041000 08:02 5913580                    /home/baymin/.m2/repository/ch/qos/logback/logback-classic/1.2.3/logback-classic-1.2.3.jar
7efd9c01e000-7efd9c01f000 r--s 00000000 08:02 5904062                    /home/baymin/.m2/repository/org/springframework/boot/spring-boot-starter-logging/2.0.4.RELEASE/spring-boot-starter-logging-2.0.4.RELEASE.jar
7efd9c01f000-7efd9c034000 r--s 000d0000 08:02 5807642                    /home/baymin/.m2/repository/org/springframework/boot/spring-boot/2.0.4.RELEASE/spring-boot-2.0.4.RELEASE.jar
7efd9c034000-7efd9c035000 r--s 00000000 08:02 5649786                    /home/baymin/.m2/repository/org/springframework/boot/spring-boot-starter/2.0.4.RELEASE/spring-boot-starter-2.0.4.RELEASE.jar
7efd9c035000-7efd9c036000 r--s 00000000 08:02 5649810                    /home/baymin/.m2/repository/org/springframework/boot/spring-boot-starter-thymeleaf/2.0.4.RELEASE/spring-boot-starter-thymeleaf-2.0.4.RELEASE.jar
7efd9c036000-7efd9c03b000 r--s 00034000 08:02 5253676                    /home/baymin/.m2/repository/com/google/code/gson/gson/2.8.0/gson-2.8.0.jar
7efd9c03b000-7efd9c040000 r--s 00034000 08:02 5386826                    /home/baymin/.m2/repository/commons-beanutils/commons-beanutils/1.8.3/commons-beanutils-1.8.3.jar
7efd9c040000-7efd9c042000 r--s 00009000 08:02 5247891                    /home/baymin/.m2/repository/org/slf4j/slf4j-api/1.7.25/slf4j-api-1.7.25.jar
7efd9c042000-7efd9c04b000 r--s 0005b000 08:02 546672                     /home/baymin/.m2/repository/org/apache/shiro/shiro-core/1.3.2/shiro-core-1.3.2.jar
7efd9c04b000-7efd9c050000 r--s 0004b000 08:02 6690145                    /home/baymin/.m2/repository/com/fasterxml/jackson/core/jackson-core/2.9.6/jackson-core-2.9.6.jar
7efd9c050000-7efd9c053000 r--s 0000e000 08:02 6698443                    /home/baymin/.m2/repository/com/fasterxml/jackson/core/jackson-annotations/2.9.0/jackson-annotations-2.9.0.jar
7efd9c053000-7efd9c066000 r--s 00137000 08:02 6294499                    /home/baymin/.m2/repository/com/fasterxml/jackson/core/jackson-databind/2.9.6/jackson-databind-2.9.6.jar
7efd9c066000-7efd9c06a000 r--s 00018000 08:02 5649086                    /home/baymin/.m2/repository/io/jsonwebtoken/jjwt/0.7.0/jjwt-0.7.0.jar
7efd9c06a000-7efd9c06b000 r--s 00005000 08:02 5511444                    /home/baymin/.m2/repository/com/googlecode/json-simple/json-simple/1.1.1/json-simple-1.1.1.jar
7efd9c06b000-7efd9c072000 r--s 0004e000 08:02 7214977                    /home/baymin/.m2/repository/org/jolokia/jolokia-core/1.5.0/jolokia-core-1.5.0.jar
7efd9c072000-7efd9c074000 r--s 00008000 08:02 7214975                    /home/baymin/.m2/repository/de/codecentric/spring-boot-admin-client/2.0.2/spring-boot-admin-client-2.0.2.jar
7efd9c074000-7efd9c075000 r--s 00000000 08:02 7214974                    /home/baymin/.m2/repository/de/codecentric/spring-boot-admin-starter-client/2.0.2/spring-boot-admin-starter-client-2.0.2.jar
7efd9c075000-7efd9c076000 r--s 00003000 08:02 7214956                    /home/baymin/.m2/repository/de/codecentric/spring-boot-admin-server-cloud/2.0.2/spring-boot-admin-server-cloud-2.0.2.jar
7efd9c076000-7efd9c079000 r--s 001b0000 08:02 7214954                    /home/baymin/.m2/repository/de/codecentric/spring-boot-admin-server-ui/2.0.2/spring-boot-admin-server-ui-2.0.2.jar
7efd9c079000-7efd9c07a000 r--s 00000000 08:02 69935                      /home/baymin/.m2/repository/org/reactivestreams/reactive-streams/1.0.2/reactive-streams-1.0.2.jar
7efd9c07a000-7efd9c08e000 r--s 00136000 08:02 5386593                    /home/baymin/.m2/repository/io/projectreactor/reactor-core/3.1.8.RELEASE/reactor-core-3.1.8.RELEASE.jar
7efd9c08e000-7efd9c091000 r--s 00016000 08:02 5386616                    /home/baymin/.m2/repository/io/projectreactor/addons/reactor-extra/3.1.6.RELEASE/reactor-extra-3.1.6.RELEASE.jar
7efd9c091000-7efd9c093000 r--s 00006000 08:02 7116510                    /home/baymin/.m2/repository/org/latencyutils/LatencyUtils/2.0.3/LatencyUtils-2.0.3.jar
7efd9c093000-7efd9c095000 r--s 0001b000 08:02 917539                     /home/baymin/.m2/repository/org/hdrhistogram/HdrHistogram/2.1.10/HdrHistogram-2.1.10.jar
7efd9c095000-7efd9c09d000 r--s 0004f000 08:02 5385624                    /home/baymin/.m2/repository/io/micrometer/micrometer-core/1.0.6/micrometer-core-1.0.6.jar
7efd9c09d000-7efd9c0ab000 r--s 00064000 08:02 5649849                    /home/baymin/.m2/repository/org/springframework/boot/spring-boot-actuator/2.0.4.RELEASE/spring-boot-actuator-2.0.4.RELEASE.jar
7efd9c0ab000-7efd9c0b8000 r--s 00050000 08:02 5385622                    /home/baymin/.m2/repository/org/springframework/boot/spring-boot-actuator-autoconfigure/2.0.4.RELEASE/spring-boot-actuator-autoconfigure-2.0.4.RELEASE.jar
7efd9c0b8000-7efd9c0b9000 r--s 00000000 08:02 5649850                    /home/baymin/.m2/repository/org/springframework/boot/spring-boot-starter-actuator/2.0.4.RELEASE/spring-boot-starter-actuator-2.0.4.RELEASE.jar
7efd9c0b9000-7efd9c0bb000 r--s 00002000 08:02 7214952                    /home/baymin/.m2/repository/org/synchronoss/cloud/nio-stream-storage/1.1.3/nio-stream-storage-1.1.3.jar
7efd9c0bb000-7efd9c0bd000 r--s 0000c000 08:02 7155521                    /home/baymin/.m2/repository/org/synchronoss/cloud/nio-multipart-parser/1.1.0/nio-multipart-parser-1.1.0.jar
7efd9c0bd000-7efd9c0cb000 r--s 00099000 08:02 5386617                    /home/baymin/.m2/repository/org/springframework/spring-webflux/5.0.8.RELEASE/spring-webflux-5.0.8.RELEASE.jar
7efd9c0cb000-7efd9c0d7000 r--s 00081000 08:02 5386611                    /home/baymin/.m2/repository/io/netty/netty-common/4.1.27.Final/netty-common-4.1.27.Final.jar
7efd9c0d7000-7efd9c0da000 r--s 00020000 08:02 5511437                    /home/baymin/.m2/repository/io/netty/netty-transport-native-epoll/4.1.27.Final/netty-transport-native-epoll-4.1.27.Final-linux-x86_64.jar
7efd9c0da000-7efd9c0de000 r--s 0001a000 08:02 5386603                    /home/baymin/.m2/repository/io/netty/netty-codec-socks/4.1.27.Final/netty-codec-socks-4.1.27.Final.jar
7efd9c0de000-7efd9c0e8000 r--s 00067000 08:02 5386606                    /home/baymin/.m2/repository/io/netty/netty-transport/4.1.27.Final/netty-transport-4.1.27.Final.jar
7efd9c0e8000-7efd9c1e9000 rw-p 00000000 00:00 0 
7efd9c1e9000-7efd9c3c3000 r--s 03d6b000 08:02 5908269                    /usr/lib/jvm/java-8-oracle/jre/lib/rt.jar
7efd9c3c3000-7efd9c3c4000 ---p 00000000 00:00 0 
7efd9c3c4000-7efd9c4c4000 rw-p 00000000 00:00 0 
7efd9c4c4000-7efd9c4c5000 ---p 00000000 00:00 0 
7efd9c4c5000-7efd9c5c5000 rw-p 00000000 00:00 0 
7efd9c5c5000-7efd9c5c6000 ---p 00000000 00:00 0 
7efd9c5c6000-7efd9c6c6000 rw-p 00000000 00:00 0 
7efd9c6c6000-7efd9c6c7000 ---p 00000000 00:00 0 
7efd9c6c7000-7efd9c7c7000 rw-p 00000000 00:00 0 
7efd9c7c7000-7efd9c7c8000 ---p 00000000 00:00 0 
7efd9c7c8000-7efd9c8c8000 rw-p 00000000 00:00 0 
7efd9c8c8000-7efd9c8c9000 ---p 00000000 00:00 0 
7efd9c8c9000-7efd9c9c9000 rw-p 00000000 00:00 0 
7efd9c9c9000-7efd9c9ca000 ---p 00000000 00:00 0 
7efd9c9ca000-7efd9cb0c000 rw-p 00000000 00:00 0 
7efd9cb0c000-7efd9d000000 ---p 00000000 00:00 0 
7efd9d000000-7efd9e260000 rwxp 00000000 00:00 0 
7efd9e260000-7efdac000000 ---p 00000000 00:00 0 
7efdac000000-7efdadba2000 rw-p 00000000 00:00 0 
7efdadba2000-7efdb0000000 ---p 00000000 00:00 0 
7efdb0000000-7efdb0002000 r--s 00006000 08:02 5386625                    /home/baymin/.m2/repository/io/netty/netty-transport-native-unix-common/4.1.27.Final/netty-transport-native-unix-common-4.1.27.Final.jar
7efdb0002000-7efdb0004000 r--s 00004000 08:02 5386618                    /home/baymin/.m2/repository/io/netty/netty-handler-proxy/4.1.27.Final/netty-handler-proxy-4.1.27.Final.jar
7efdb0004000-7efdb0005000 r--s 00007000 08:02 5386598                    /home/baymin/.m2/repository/io/netty/netty-resolver/4.1.27.Final/netty-resolver-4.1.27.Final.jar
7efdb0005000-7efdb0009000 r--s 0003f000 08:02 5386623                    /home/baymin/.m2/repository/io/netty/netty-buffer/4.1.27.Final/netty-buffer-4.1.27.Final.jar
7efdb0009000-7efdb0010000 r--s 00058000 08:02 5386604                    /home/baymin/.m2/repository/io/netty/netty-handler/4.1.27.Final/netty-handler-4.1.27.Final.jar
7efdb0010000-7efdb0017000 r--s 00047000 08:02 5386610                    /home/baymin/.m2/repository/io/netty/netty-codec/4.1.27.Final/netty-codec-4.1.27.Final.jar
7efdb0017000-7efdb0021000 r--s 00080000 08:02 5386612                    /home/baymin/.m2/repository/io/netty/netty-codec-http/4.1.27.Final/netty-codec-http-4.1.27.Final.jar
7efdb0021000-7efdb0025000 r--s 0003e000 08:02 5386594                    /home/baymin/.m2/repository/io/projectreactor/ipc/reactor-netty/0.7.8.RELEASE/reactor-netty-0.7.8.RELEASE.jar
7efdb0025000-7efdb0026000 r--s 00000000 08:02 5386592                    /home/baymin/.m2/repository/org/springframework/boot/spring-boot-starter-reactor-netty/2.0.4.RELEASE/spring-boot-starter-reactor-netty-2.0.4.RELEASE.jar
7efdb0026000-7efdb0027000 r--s 00000000 08:02 5386595                    /home/baymin/.m2/repository/org/springframework/boot/spring-boot-starter-webflux/2.0.4.RELEASE/spring-boot-starter-webflux-2.0.4.RELEASE.jar
7efdb0027000-7efdb002d000 r--s 00034000 08:02 7027113                    /home/baymin/.m2/repository/de/codecentric/spring-boot-admin-server/2.0.2/spring-boot-admin-server-2.0.2.jar
7efdb002d000-7efdb00f2000 rw-p 00000000 00:00 0 
7efdb00f2000-7efdb00f3000 ---p 00000000 00:00 0 
7efdb00f3000-7efdb0235000 rw-p 00000000 00:00 0 
7efdb0235000-7efdb0729000 ---p 00000000 00:00 0 
7efdb0729000-7efdb080f000 rw-p 00000000 00:00 0 
7efdb080f000-7efdb09c4000 ---p 00000000 00:00 0 
7efdb09c4000-7efdb0a0f000 rw-p 00000000 00:00 0 
7efdb0a0f000-7efdb0d85000 ---p 00000000 00:00 0 
7efdb0d85000-7efdb0da0000 r-xp 00000000 08:02 5908486                    /usr/lib/jvm/java-8-oracle/jre/lib/amd64/libzip.so
7efdb0da0000-7efdb0fa0000 ---p 0001b000 08:02 5908486                    /usr/lib/jvm/java-8-oracle/jre/lib/amd64/libzip.so
7efdb0fa0000-7efdb0fa1000 rw-p 0001b000 08:02 5908486                    /usr/lib/jvm/java-8-oracle/jre/lib/amd64/libzip.so
7efdb0fa1000-7efdb0fac000 r-xp 00000000 08:02 7082861                    /lib/x86_64-linux-gnu/libnss_files-2.27.so
7efdb0fac000-7efdb11ab000 ---p 0000b000 08:02 7082861                    /lib/x86_64-linux-gnu/libnss_files-2.27.so
7efdb11ab000-7efdb11ac000 r--p 0000a000 08:02 7082861                    /lib/x86_64-linux-gnu/libnss_files-2.27.so
7efdb11ac000-7efdb11ad000 rw-p 0000b000 08:02 7082861                    /lib/x86_64-linux-gnu/libnss_files-2.27.so
7efdb11ad000-7efdb11b3000 rw-p 00000000 00:00 0 
7efdb11b3000-7efdb11ca000 r-xp 00000000 08:02 7082855                    /lib/x86_64-linux-gnu/libnsl-2.27.so
7efdb11ca000-7efdb13c9000 ---p 00017000 08:02 7082855                    /lib/x86_64-linux-gnu/libnsl-2.27.so
7efdb13c9000-7efdb13ca000 r--p 00016000 08:02 7082855                    /lib/x86_64-linux-gnu/libnsl-2.27.so
7efdb13ca000-7efdb13cb000 rw-p 00017000 08:02 7082855                    /lib/x86_64-linux-gnu/libnsl-2.27.so
7efdb13cb000-7efdb13cd000 rw-p 00000000 00:00 0 
7efdb13cd000-7efdb13d8000 r-xp 00000000 08:02 7082871                    /lib/x86_64-linux-gnu/libnss_nis-2.27.so
7efdb13d8000-7efdb15d7000 ---p 0000b000 08:02 7082871                    /lib/x86_64-linux-gnu/libnss_nis-2.27.so
7efdb15d7000-7efdb15d8000 r--p 0000a000 08:02 7082871                    /lib/x86_64-linux-gnu/libnss_nis-2.27.so
7efdb15d8000-7efdb15d9000 rw-p 0000b000 08:02 7082871                    /lib/x86_64-linux-gnu/libnss_nis-2.27.so
7efdb15d9000-7efdb15e1000 r-xp 00000000 08:02 7082857                    /lib/x86_64-linux-gnu/libnss_compat-2.27.so
7efdb15e1000-7efdb17e1000 ---p 00008000 08:02 7082857                    /lib/x86_64-linux-gnu/libnss_compat-2.27.so
7efdb17e1000-7efdb17e2000 r--p 00008000 08:02 7082857                    /lib/x86_64-linux-gnu/libnss_compat-2.27.so
7efdb17e2000-7efdb17e3000 rw-p 00009000 08:02 7082857                    /lib/x86_64-linux-gnu/libnss_compat-2.27.so
7efdb17e3000-7efdb180e000 r-xp 00000000 08:02 5908480                    /usr/lib/jvm/java-8-oracle/jre/lib/amd64/libjava.so
7efdb180e000-7efdb1a0d000 ---p 0002b000 08:02 5908480                    /usr/lib/jvm/java-8-oracle/jre/lib/amd64/libjava.so
7efdb1a0d000-7efdb1a0f000 rw-p 0002a000 08:02 5908480                    /usr/lib/jvm/java-8-oracle/jre/lib/amd64/libjava.so
7efdb1a0f000-7efdb1a1c000 r-xp 00000000 08:02 5908485                    /usr/lib/jvm/java-8-oracle/jre/lib/amd64/libverify.so
7efdb1a1c000-7efdb1c1c000 ---p 0000d000 08:02 5908485                    /usr/lib/jvm/java-8-oracle/jre/lib/amd64/libverify.so
7efdb1c1c000-7efdb1c1e000 rw-p 0000d000 08:02 5908485                    /usr/lib/jvm/java-8-oracle/jre/lib/amd64/libverify.so
7efdb1c1e000-7efdb1c25000 r-xp 00000000 08:02 7082911                    /lib/x86_64-linux-gnu/librt-2.27.so
7efdb1c25000-7efdb1e24000 ---p 00007000 08:02 7082911                    /lib/x86_64-linux-gnu/librt-2.27.so
7efdb1e24000-7efdb1e25000 r--p 00006000 08:02 7082911                    /lib/x86_64-linux-gnu/librt-2.27.so
7efdb1e25000-7efdb1e26000 rw-p 00007000 08:02 7082911                    /lib/x86_64-linux-gnu/librt-2.27.so
7efdb1e26000-7efdb1fc3000 r-xp 00000000 08:02 7082834                    /lib/x86_64-linux-gnu/libm-2.27.so
7efdb1fc3000-7efdb21c2000 ---p 0019d000 08:02 7082834                    /lib/x86_64-linux-gnu/libm-2.27.so
7efdb21c2000-7efdb21c3000 r--p 0019c000 08:02 7082834                    /lib/x86_64-linux-gnu/libm-2.27.so
7efdb21c3000-7efdb21c4000 rw-p 0019d000 08:02 7082834                    /lib/x86_64-linux-gnu/libm-2.27.so
7efdb21c4000-7efdb2ea0000 r-xp 00000000 08:02 5908506                    /usr/lib/jvm/java-8-oracle/jre/lib/amd64/server/libjvm.so
7efdb2ea0000-7efdb30a0000 ---p 00cdc000 08:02 5908506                    /usr/lib/jvm/java-8-oracle/jre/lib/amd64/server/libjvm.so
7efdb30a0000-7efdb317a000 rw-p 00cdc000 08:02 5908506                    /usr/lib/jvm/java-8-oracle/jre/lib/amd64/server/libjvm.so
7efdb317a000-7efdb31c5000 rw-p 00000000 00:00 0 
7efdb31c5000-7efdb33ac000 r-xp 00000000 08:02 7082771                    /lib/x86_64-linux-gnu/libc-2.27.so
7efdb33ac000-7efdb35ac000 ---p 001e7000 08:02 7082771                    /lib/x86_64-linux-gnu/libc-2.27.so
7efdb35ac000-7efdb35b0000 r--p 001e7000 08:02 7082771                    /lib/x86_64-linux-gnu/libc-2.27.so
7efdb35b0000-7efdb35b2000 rw-p 001eb000 08:02 7082771                    /lib/x86_64-linux-gnu/libc-2.27.so
7efdb35b2000-7efdb35b6000 rw-p 00000000 00:00 0 
7efdb35b6000-7efdb35b9000 r-xp 00000000 08:02 7082794                    /lib/x86_64-linux-gnu/libdl-2.27.so
7efdb35b9000-7efdb37b8000 ---p 00003000 08:02 7082794                    /lib/x86_64-linux-gnu/libdl-2.27.so
7efdb37b8000-7efdb37b9000 r--p 00002000 08:02 7082794                    /lib/x86_64-linux-gnu/libdl-2.27.so
7efdb37b9000-7efdb37ba000 rw-p 00003000 08:02 7082794                    /lib/x86_64-linux-gnu/libdl-2.27.so
7efdb37ba000-7efdb37d0000 r-xp 00000000 08:02 5908503                    /usr/lib/jvm/java-8-oracle/jre/lib/amd64/jli/libjli.so
7efdb37d0000-7efdb39cf000 ---p 00016000 08:02 5908503                    /usr/lib/jvm/java-8-oracle/jre/lib/amd64/jli/libjli.so
7efdb39cf000-7efdb39d0000 rw-p 00015000 08:02 5908503                    /usr/lib/jvm/java-8-oracle/jre/lib/amd64/jli/libjli.so
7efdb39d0000-7efdb39ea000 r-xp 00000000 08:02 7082903                    /lib/x86_64-linux-gnu/libpthread-2.27.so
7efdb39ea000-7efdb3be9000 ---p 0001a000 08:02 7082903                    /lib/x86_64-linux-gnu/libpthread-2.27.so
7efdb3be9000-7efdb3bea000 r--p 00019000 08:02 7082903                    /lib/x86_64-linux-gnu/libpthread-2.27.so
7efdb3bea000-7efdb3beb000 rw-p 0001a000 08:02 7082903                    /lib/x86_64-linux-gnu/libpthread-2.27.so
7efdb3beb000-7efdb3bef000 rw-p 00000000 00:00 0 
7efdb3bef000-7efdb3c16000 r-xp 00000000 08:02 7082743                    /lib/x86_64-linux-gnu/ld-2.27.so
7efdb3c16000-7efdb3c1f000 r--s 0002d000 08:02 5245476                    /home/baymin/.m2/repository/xml-apis/xml-apis/1.4.01/xml-apis-1.4.01.jar
7efdb3c1f000-7efdb3c36000 r--s 00173000 08:02 6819003                    /home/baymin/.m2/repository/org/projectlombok/lombok/1.16.22/lombok-1.16.22.jar
7efdb3c36000-7efdb3ce0000 rw-p 00000000 00:00 0 
7efdb3ce0000-7efdb3ce1000 ---p 00000000 00:00 0 
7efdb3ce1000-7efdb3ce4000 ---p 00000000 00:00 0 
7efdb3ce4000-7efdb3de5000 rw-p 00000000 00:00 0 
7efdb3de5000-7efdb3de6000 r--s 00000000 08:02 7155519                    /home/baymin/.m2/repository/de/codecentric/spring-boot-admin-starter-server/2.0.2/spring-boot-admin-starter-server-2.0.2.jar
7efdb3de6000-7efdb3deb000 r--s 00048000 08:02 5386447                    /home/baymin/.m2/repository/dom4j/dom4j/1.6.1/dom4j-1.6.1.jar
7efdb3deb000-7efdb3dec000 r--s 00014000 08:02 5246849                    /home/baymin/.m2/repository/com/squareup/okio/okio/1.14.0/okio-1.14.0.jar
7efdb3dec000-7efdb3df1000 r--s 00060000 08:02 5246847                    /home/baymin/.m2/repository/com/squareup/okhttp3/okhttp/3.11.0/okhttp-3.11.0.jar
7efdb3df1000-7efdb3dfa000 r--s 0006f000 08:02 5247977                    /home/baymin/.m2/repository/log4j/log4j/1.2.17/log4j-1.2.17.jar
7efdb3dfa000-7efdb3dfc000 r--s 0000c000 08:02 6824937                    /home/baymin/.m2/repository/org/json/json/20160810/json-20160810.jar
7efdb3dfc000-7efdb3dff000 r--s 00011000 08:02 6819263                    /home/baymin/.m2/repository/com/baidu/aip/java-sdk/4.7.0/java-sdk-4.7.0.jar
7efdb3dff000-7efdb3e01000 r--s 00002000 08:02 6306867                    /home/baymin/.m2/repository/org/apache/maven/surefire/surefire-logger-api/2.21.0/surefire-logger-api-2.21.0.jar
7efdb3e01000-7efdb3e06000 r--s 00029000 08:02 6306865                    /home/baymin/.m2/repository/org/apache/maven/surefire/surefire-api/2.21.0/surefire-api-2.21.0.jar
7efdb3e06000-7efdb3e0b000 r--s 0003e000 08:02 6435417                    /home/baymin/.m2/repository/org/apache/maven/surefire/surefire-booter/2.21.0/surefire-booter-2.21.0.jar
7efdb3e0b000-7efdb3e0c000 r--s 00004000 08:02 3319096                    /home/baymin/workk/geely_ai_interface/target/surefire/surefirebooter8539636657271647213.jar
7efdb3e0c000-7efdb3e14000 rw-s 00000000 08:02 1844542                    /tmp/hsperfdata_baymin/5873
7efdb3e14000-7efdb3e15000 rw-p 00000000 00:00 0 
7efdb3e15000-7efdb3e16000 ---p 00000000 00:00 0 
7efdb3e16000-7efdb3e17000 r--p 00027000 08:02 7082743                    /lib/x86_64-linux-gnu/ld-2.27.so
7efdb3e17000-7efdb3e18000 rw-p 00028000 08:02 7082743                    /lib/x86_64-linux-gnu/ld-2.27.so
7efdb3e18000-7efdb3e19000 rw-p 00000000 00:00 0 
7ffd785c0000-7ffd785e1000 rw-p 00000000 00:00 0                          [stack]
7ffd785e1000-7ffd785e4000 r--p 00000000 00:00 0                          [vvar]
7ffd785e4000-7ffd785e6000 r-xp 00000000 00:00 0                          [vdso]
ffffffffff600000-ffffffffff601000 r-xp 00000000 00:00 0                  [vsyscall]

VM Arguments:
java_command: /home/baymin/workk/geely_ai_interface/target/surefire/surefirebooter8539636657271647213.jar /home/baymin/workk/geely_ai_interface/target/surefire 2018-10-26T14-08-13_967-jvmRun1 surefire5738554807226027023tmp surefire_06971305425118118708tmp
java_class_path (initial): /home/baymin/workk/geely_ai_interface/target/surefire/surefirebooter8539636657271647213.jar
Launcher Type: SUN_STANDARD

Environment Variables:
JAVA_HOME=/usr/lib/jvm/java-8-oracle
PATH=/home/baymin/.local/bin:/usr/local/sbin:/usr/local/bin:/usr/sbin:/usr/bin:/sbin:/bin:/usr/games:/usr/local/games:/snap/bin:/usr/lib/jvm/java-8-oracle/bin:/usr/lib/jvm/java-8-oracle/db/bin:/usr/lib/jvm/java-8-oracle/jre/bin
SHELL=/bin/zsh
DISPLAY=:0.0

Signal Handlers:
SIGSEGV: [libjvm.so+0xad2a40], sa_mask[0]=11111111011111111101111111111110, sa_flags=SA_RESTART|SA_SIGINFO
SIGBUS: [libjvm.so+0xad2a40], sa_mask[0]=11111111011111111101111111111110, sa_flags=SA_RESTART|SA_SIGINFO
SIGFPE: [libjvm.so+0x92a610], sa_mask[0]=11111111011111111101111111111110, sa_flags=SA_RESTART|SA_SIGINFO
SIGPIPE: [libjvm.so+0x92a610], sa_mask[0]=11111111011111111101111111111110, sa_flags=SA_RESTART|SA_SIGINFO
SIGXFSZ: [libjvm.so+0x92a610], sa_mask[0]=11111111011111111101111111111110, sa_flags=SA_RESTART|SA_SIGINFO
SIGILL: [libjvm.so+0x92a610], sa_mask[0]=11111111011111111101111111111110, sa_flags=SA_RESTART|SA_SIGINFO
SIGUSR1: SIG_DFL, sa_mask[0]=00000000000000000000000000000000, sa_flags=none
SIGUSR2: [libjvm.so+0x92be70], sa_mask[0]=00100000000000000000000000000000, sa_flags=SA_RESTART|SA_SIGINFO
SIGHUP: [libjvm.so+0x92d270], sa_mask[0]=11111111011111111101111111111110, sa_flags=SA_RESTART|SA_SIGINFO
SIGINT: [libjvm.so+0x92d270], sa_mask[0]=11111111011111111101111111111110, sa_flags=SA_RESTART|SA_SIGINFO
SIGTERM: [libjvm.so+0x92d270], sa_mask[0]=11111111011111111101111111111110, sa_flags=SA_RESTART|SA_SIGINFO
SIGQUIT: [libjvm.so+0x92d270], sa_mask[0]=11111111011111111101111111111110, sa_flags=SA_RESTART|SA_SIGINFO


---------------  S Y S T E M  ---------------

OS:DISTRIB_ID=Ubuntu
DISTRIB_RELEASE=18.04
DISTRIB_CODENAME=bionic
DISTRIB_DESCRIPTION="Ubuntu 18.04.1 LTS"

uname:Linux 4.15.0-34-generic #37-Ubuntu SMP Mon Aug 27 15:21:48 UTC 2018 x86_64
libc:glibc 2.27 NPTL 2.27 
rlimit: STACK 8192k, CORE 0k, NPROC 63151, NOFILE 1048576, AS infinity
load average:5.74 4.42 3.95

/proc/meminfo:
MemTotal:       16389352 kB
MemFree:          162556 kB
MemAvailable:      67956 kB
Buffers:            5228 kB
Cached:           346708 kB
SwapCached:         6264 kB
Active:         14027520 kB
Inactive:        1451784 kB
Active(anon):   14003296 kB
Inactive(anon):  1409156 kB
Active(file):      24224 kB
Inactive(file):    42628 kB
Unevictable:        1540 kB
Mlocked:            1540 kB
SwapTotal:       2097148 kB
SwapFree:             24 kB
Dirty:              1912 kB
Writeback:             0 kB
AnonPages:      15124020 kB
Mapped:           525656 kB
Shmem:            284232 kB
Slab:             215512 kB
SReclaimable:      88480 kB
SUnreclaim:       127032 kB
KernelStack:       32000 kB
PageTables:       148148 kB
NFS_Unstable:          0 kB
Bounce:                0 kB
WritebackTmp:          0 kB
CommitLimit:    10291824 kB
Committed_AS:   31914112 kB
VmallocTotal:   34359738367 kB
VmallocUsed:           0 kB
VmallocChunk:          0 kB
HardwareCorrupted:     0 kB
AnonHugePages:         0 kB
ShmemHugePages:        0 kB
ShmemPmdMapped:        0 kB
CmaTotal:              0 kB
CmaFree:               0 kB
HugePages_Total:       0
HugePages_Free:        0
HugePages_Rsvd:        0
HugePages_Surp:        0
Hugepagesize:       2048 kB
DirectMap4k:     1835264 kB
DirectMap2M:    14907392 kB
DirectMap1G:           0 kB


CPU:total 8 (initial active 8) (4 cores per cpu, 2 threads per core) family 6 model 158 stepping 9, cmov, cx8, fxsr, mmx, sse, sse2, sse3, ssse3, sse4.1, sse4.2, popcnt, avx, avx2, aes, clmul, erms, rtm, 3dnowpref, lzcnt, ht, tsc, tscinvbit, bmi1, bmi2, adx

/proc/cpuinfo:
processor	: 0
vendor_id	: GenuineIntel
cpu family	: 6
model		: 158
model name	: Intel(R) Core(TM) i7-7700 CPU @ 3.60GHz
stepping	: 9
microcode	: 0x8e
cpu MHz		: 4078.938
cache size	: 8192 KB
physical id	: 0
siblings	: 8
core id		: 0
cpu cores	: 4
apicid		: 0
initial apicid	: 0
fpu		: yes
fpu_exception	: yes
cpuid level	: 22
wp		: yes
flags		: fpu vme de pse tsc msr pae mce cx8 apic sep mtrr pge mca cmov pat pse36 clflush dts acpi mmx fxsr sse sse2 ss ht tm pbe syscall nx pdpe1gb rdtscp lm constant_tsc art arch_perfmon pebs bts rep_good nopl xtopology nonstop_tsc cpuid aperfmperf tsc_known_freq pni pclmulqdq dtes64 monitor ds_cpl vmx smx est tm2 ssse3 sdbg fma cx16 xtpr pdcm pcid sse4_1 sse4_2 x2apic movbe popcnt tsc_deadline_timer aes xsave avx f16c rdrand lahf_lm abm 3dnowprefetch cpuid_fault epb invpcid_single pti ssbd ibrs ibpb stibp tpr_shadow vnmi flexpriority ept vpid fsgsbase tsc_adjust bmi1 hle avx2 smep bmi2 erms invpcid rtm mpx rdseed adx smap clflushopt intel_pt xsaveopt xsavec xgetbv1 xsaves dtherm ida arat pln pts hwp hwp_notify hwp_act_window hwp_epp flush_l1d
bugs		: cpu_meltdown spectre_v1 spectre_v2 spec_store_bypass l1tf
bogomips	: 7200.00
clflush size	: 64
cache_alignment	: 64
address sizes	: 39 bits physical, 48 bits virtual
power management:

processor	: 1
vendor_id	: GenuineIntel
cpu family	: 6
model		: 158
model name	: Intel(R) Core(TM) i7-7700 CPU @ 3.60GHz
stepping	: 9
microcode	: 0x8e
cpu MHz		: 4024.280
cache size	: 8192 KB
physical id	: 0
siblings	: 8
core id		: 1
cpu cores	: 4
apicid		: 2
initial apicid	: 2
fpu		: yes
fpu_exception	: yes
cpuid level	: 22
wp		: yes
flags		: fpu vme de pse tsc msr pae mce cx8 apic sep mtrr pge mca cmov pat pse36 clflush dts acpi mmx fxsr sse sse2 ss ht tm pbe syscall nx pdpe1gb rdtscp lm constant_tsc art arch_perfmon pebs bts rep_good nopl xtopology nonstop_tsc cpuid aperfmperf tsc_known_freq pni pclmulqdq dtes64 monitor ds_cpl vmx smx est tm2 ssse3 sdbg fma cx16 xtpr pdcm pcid sse4_1 sse4_2 x2apic movbe popcnt tsc_deadline_timer aes xsave avx f16c rdrand lahf_lm abm 3dnowprefetch cpuid_fault epb invpcid_single pti ssbd ibrs ibpb stibp tpr_shadow vnmi flexpriority ept vpid fsgsbase tsc_adjust bmi1 hle avx2 smep bmi2 erms invpcid rtm mpx rdseed adx smap clflushopt intel_pt xsaveopt xsavec xgetbv1 xsaves dtherm ida arat pln pts hwp hwp_notify hwp_act_window hwp_epp flush_l1d
bugs		: cpu_meltdown spectre_v1 spectre_v2 spec_store_bypass l1tf
bogomips	: 7200.00
clflush size	: 64
cache_alignment	: 64
address sizes	: 39 bits physical, 48 bits virtual
power management:

processor	: 2
vendor_id	: GenuineIntel
cpu family	: 6
model		: 158
model name	: Intel(R) Core(TM) i7-7700 CPU @ 3.60GHz
stepping	: 9
microcode	: 0x8e
cpu MHz		: 4063.371
cache size	: 8192 KB
physical id	: 0
siblings	: 8
core id		: 2
cpu cores	: 4
apicid		: 4
initial apicid	: 4
fpu		: yes
fpu_exception	: yes
cpuid level	: 22
wp		: yes
flags		: fpu vme de pse tsc msr pae mce cx8 apic sep mtrr pge mca cmov pat pse36 clflush dts acpi mmx fxsr sse sse2 ss ht tm pbe syscall nx pdpe1gb rdtscp lm constant_tsc art arch_perfmon pebs bts rep_good nopl xtopology nonstop_tsc cpuid aperfmperf tsc_known_freq pni pclmulqdq dtes64 monitor ds_cpl vmx smx est tm2 ssse3 sdbg fma cx16 xtpr pdcm pcid sse4_1 sse4_2 x2apic movbe popcnt tsc_deadline_timer aes xsave avx f16c rdrand lahf_lm abm 3dnowprefetch cpuid_fault epb invpcid_single pti ssbd ibrs ibpb stibp tpr_shadow vnmi flexpriority ept vpid fsgsbase tsc_adjust bmi1 hle avx2 smep bmi2 erms invpcid rtm mpx rdseed adx smap clflushopt intel_pt xsaveopt xsavec xgetbv1 xsaves dtherm ida arat pln pts hwp hwp_notify hwp_act_window hwp_epp flush_l1d
bugs		: cpu_meltdown spectre_v1 spectre_v2 spec_store_bypass l1tf
bogomips	: 7200.00
clflush size	: 64
cache_alignment	: 64
address sizes	: 39 bits physical, 48 bits virtual
power management:

processor	: 3
vendor_id	: GenuineIntel
cpu family	: 6
model		: 158
model name	: Intel(R) Core(TM) i7-7700 CPU @ 3.60GHz
stepping	: 9
microcode	: 0x8e
cpu MHz		: 4066.232
cache size	: 8192 KB
physical id	: 0
siblings	: 8
core id		: 3
cpu cores	: 4
apicid		: 6
initial apicid	: 6
fpu		: yes
fpu_exception	: yes
cpuid level	: 22
wp		: yes
flags		: fpu vme de pse tsc msr pae mce cx8 apic sep mtrr pge mca cmov pat pse36 clflush dts acpi mmx fxsr sse sse2 ss ht tm pbe syscall nx pdpe1gb rdtscp lm constant_tsc art arch_perfmon pebs bts rep_good nopl xtopology nonstop_tsc cpuid aperfmperf tsc_known_freq pni pclmulqdq dtes64 monitor ds_cpl vmx smx est tm2 ssse3 sdbg fma cx16 xtpr pdcm pcid sse4_1 sse4_2 x2apic movbe popcnt tsc_deadline_timer aes xsave avx f16c rdrand lahf_lm abm 3dnowprefetch cpuid_fault epb invpcid_single pti ssbd ibrs ibpb stibp tpr_shadow vnmi flexpriority ept vpid fsgsbase tsc_adjust bmi1 hle avx2 smep bmi2 erms invpcid rtm mpx rdseed adx smap clflushopt intel_pt xsaveopt xsavec xgetbv1 xsaves dtherm ida arat pln pts hwp hwp_notify hwp_act_window hwp_epp flush_l1d
bugs		: cpu_meltdown spectre_v1 spectre_v2 spec_store_bypass l1tf
bogomips	: 7200.00
clflush size	: 64
cache_alignment	: 64
address sizes	: 39 bits physical, 48 bits virtual
power management:

processor	: 4
vendor_id	: GenuineIntel
cpu family	: 6
model		: 158
model name	: Intel(R) Core(TM) i7-7700 CPU @ 3.60GHz
stepping	: 9
microcode	: 0x8e
cpu MHz		: 4051.865
cache size	: 8192 KB
physical id	: 0
siblings	: 8
core id		: 0
cpu cores	: 4
apicid		: 1
initial apicid	: 1
fpu		: yes
fpu_exception	: yes
cpuid level	: 22
wp		: yes
flags		: fpu vme de pse tsc msr pae mce cx8 apic sep mtrr pge mca cmov pat pse36 clflush dts acpi mmx fxsr sse sse2 ss ht tm pbe syscall nx pdpe1gb rdtscp lm constant_tsc art arch_perfmon pebs bts rep_good nopl xtopology nonstop_tsc cpuid aperfmperf tsc_known_freq pni pclmulqdq dtes64 monitor ds_cpl vmx smx est tm2 ssse3 sdbg fma cx16 xtpr pdcm pcid sse4_1 sse4_2 x2apic movbe popcnt tsc_deadline_timer aes xsave avx f16c rdrand lahf_lm abm 3dnowprefetch cpuid_fault epb invpcid_single pti ssbd ibrs ibpb stibp tpr_shadow vnmi flexpriority ept vpid fsgsbase tsc_adjust bmi1 hle avx2 smep bmi2 erms invpcid rtm mpx rdseed adx smap clflushopt intel_pt xsaveopt xsavec xgetbv1 xsaves dtherm ida arat pln pts hwp hwp_notify hwp_act_window hwp_epp flush_l1d
bugs		: cpu_meltdown spectre_v1 spectre_v2 spec_store_bypass l1tf
bogomips	: 7200.00
clflush size	: 64
cache_alignment	: 64
address sizes	: 39 bits physical, 48 bits virtual
power management:

processor	: 5
vendor_id	: GenuineIntel
cpu family	: 6
model		: 158
model name	: Intel(R) Core(TM) i7-7700 CPU @ 3.60GHz
stepping	: 9
microcode	: 0x8e
cpu MHz		: 4007.723
cache size	: 8192 KB
physical id	: 0
siblings	: 8
core id		: 1
cpu cores	: 4
apicid		: 3
initial apicid	: 3
fpu		: yes
fpu_exception	: yes
cpuid level	: 22
wp		: yes
flags		: fpu vme de pse tsc msr pae mce cx8 apic sep mtrr pge mca cmov pat pse36 clflush dts acpi mmx fxsr sse sse2 ss ht tm pbe syscall nx pdpe1gb rdtscp lm constant_tsc art arch_perfmon pebs bts rep_good nopl xtopology nonstop_tsc cpuid aperfmperf tsc_known_freq pni pclmulqdq dtes64 monitor ds_cpl vmx smx est tm2 ssse3 sdbg fma cx16 xtpr pdcm pcid sse4_1 sse4_2 x2apic movbe popcnt tsc_deadline_timer aes xsave avx f16c rdrand lahf_lm abm 3dnowprefetch cpuid_fault epb invpcid_single pti ssbd ibrs ibpb stibp tpr_shadow vnmi flexpriority ept vpid fsgsbase tsc_adjust bmi1 hle avx2 smep bmi2 erms invpcid rtm mpx rdseed adx smap clflushopt intel_pt xsaveopt xsavec xgetbv1 xsaves dtherm ida arat pln pts hwp hwp_notify hwp_act_window hwp_epp flush_l1d
bugs		: cpu_meltdown spectre_v1 spectre_v2 spec_store_bypass l1tf
bogomips	: 7200.00
clflush size	: 64
cache_alignment	: 64
address sizes	: 39 bits physical, 48 bits virtual
power management:

processor	: 6
vendor_id	: GenuineIntel
cpu family	: 6
model		: 158
model name	: Intel(R) Core(TM) i7-7700 CPU @ 3.60GHz
stepping	: 9
microcode	: 0x8e
cpu MHz		: 4064.712
cache size	: 8192 KB
physical id	: 0
siblings	: 8
core id		: 2
cpu cores	: 4
apicid		: 5
initial apicid	: 5
fpu		: yes
fpu_exception	: yes
cpuid level	: 22
wp		: yes
flags		: fpu vme de pse tsc msr pae mce cx8 apic sep mtrr pge mca cmov pat pse36 clflush dts acpi mmx fxsr sse sse2 ss ht tm pbe syscall nx pdpe1gb rdtscp lm constant_tsc art arch_perfmon pebs bts rep_good nopl xtopology nonstop_tsc cpuid aperfmperf tsc_known_freq pni pclmulqdq dtes64 monitor ds_cpl vmx smx est tm2 ssse3 sdbg fma cx16 xtpr pdcm pcid sse4_1 sse4_2 x2apic movbe popcnt tsc_deadline_timer aes xsave avx f16c rdrand lahf_lm abm 3dnowprefetch cpuid_fault epb invpcid_single pti ssbd ibrs ibpb stibp tpr_shadow vnmi flexpriority ept vpid fsgsbase tsc_adjust bmi1 hle avx2 smep bmi2 erms invpcid rtm mpx rdseed adx smap clflushopt intel_pt xsaveopt xsavec xgetbv1 xsaves dtherm ida arat pln pts hwp hwp_notify hwp_act_window hwp_epp flush_l1d
bugs		: cpu_meltdown spectre_v1 spectre_v2 spec_store_bypass l1tf
bogomips	: 7200.00
clflush size	: 64
cache_alignment	: 64
address sizes	: 39 bits physical, 48 bits virtual
power management:

processor	: 7
vendor_id	: GenuineIntel
cpu family	: 6
model		: 158
model name	: Intel(R) Core(TM) i7-7700 CPU @ 3.60GHz
stepping	: 9
microcode	: 0x8e
cpu MHz		: 4065.953
cache size	: 8192 KB
physical id	: 0
siblings	: 8
core id		: 3
cpu cores	: 4
apicid		: 7
initial apicid	: 7
fpu		: yes
fpu_exception	: yes
cpuid level	: 22
wp		: yes
flags		: fpu vme de pse tsc msr pae mce cx8 apic sep mtrr pge mca cmov pat pse36 clflush dts acpi mmx fxsr sse sse2 ss ht tm pbe syscall nx pdpe1gb rdtscp lm constant_tsc art arch_perfmon pebs bts rep_good nopl xtopology nonstop_tsc cpuid aperfmperf tsc_known_freq pni pclmulqdq dtes64 monitor ds_cpl vmx smx est tm2 ssse3 sdbg fma cx16 xtpr pdcm pcid sse4_1 sse4_2 x2apic movbe popcnt tsc_deadline_timer aes xsave avx f16c rdrand lahf_lm abm 3dnowprefetch cpuid_fault epb invpcid_single pti ssbd ibrs ibpb stibp tpr_shadow vnmi flexpriority ept vpid fsgsbase tsc_adjust bmi1 hle avx2 smep bmi2 erms invpcid rtm mpx rdseed adx smap clflushopt intel_pt xsaveopt xsavec xgetbv1 xsaves dtherm ida arat pln pts hwp hwp_notify hwp_act_window hwp_epp flush_l1d
bugs		: cpu_meltdown spectre_v1 spectre_v2 spec_store_bypass l1tf
bogomips	: 7200.00
clflush size	: 64
cache_alignment	: 64
address sizes	: 39 bits physical, 48 bits virtual
power management:



Memory: 4k page, physical 16389352k(159544k free), swap 2097148k(24k free)

vm_info: Java HotSpot(TM) 64-Bit Server VM (25.181-b13) for linux-amd64 JRE (1.8.0_181-b13), built on Jul  7 2018 00:56:38 by "java_re" with gcc 4.3.0 20080428 (Red Hat 4.3.0-8)

time: Fri Oct 26 14:08:23 2018
elapsed time: 8 seconds (0d 0h 0m 8s)

